<?xml version="1.0" encoding="UTF-8"?>
<!-- Generated by org.testng.reporters.JUnitXMLReporter -->
<testsuite hostname="SC-201512161950" ignored="23" name="恋爱普适" tests="46" failures="14" timestamp="22 Jan 2019 09:06:05 GMT" time="4936.388" errors="0">
  <testcase name="checkProtocol" time="8.006" classname="com.laps.testcase.testcase"/>
  <testcase name="checkManRegiste1" time="60.25" classname="com.laps.testcase.testcase"/>
  <testcase name="checkSayHi1" time="88.769" classname="com.laps.testcase.testcase">
    <failure type="java.lang.IndexOutOfBoundsException" message="Index: 0, Size: 0">
      <![CDATA[java.lang.IndexOutOfBoundsException: Index: 0, Size: 0
	at java.util.ArrayList.rangeCheck(ArrayList.java:653)
	at java.util.ArrayList.get(ArrayList.java:429)
	at org.openqa.selenium.support.pagefactory.internal.LocatingElementListHandler.invoke(LocatingElementListHandler.java:39)
	at com.sun.proxy.$Proxy11.get(Unknown Source)
	at com.laps.check.LAPSCheck.manSayHi1(LAPSCheck.java:136)
	at com.laps.testcase.testcase.checkSayHi1(testcase.java:31)
	at java.util.concurrent.FutureTask.run(FutureTask.java:266)
	at java.util.concurrent.ThreadPoolExecutor.runWorker(ThreadPoolExecutor.java:1142)
	at java.util.concurrent.ThreadPoolExecutor$Worker.run(ThreadPoolExecutor.java:617)
	at java.lang.Thread.run(Thread.java:745)
... Removed 20 stack frames]]>
    </failure>
  </testcase> <!-- checkSayHi1 -->
  <testcase name="checkSayHi3" time="107.281" classname="com.laps.testcase.testcase"/>
  <testcase name="checkConversation" time="85.773" classname="com.laps.testcase.testcase"/>
  <testcase name="checkNotread" time="96.401" classname="com.laps.testcase.testcase"/>
  <testcase name="checkUpgraded" time="78.622" classname="com.laps.testcase.testcase"/>
  <testcase name="checkAskbtn" time="90.155" classname="com.laps.testcase.testcase">
    <failure type="java.lang.IndexOutOfBoundsException" message="Index: 0, Size: 0">
      <![CDATA[java.lang.IndexOutOfBoundsException: Index: 0, Size: 0
	at java.util.ArrayList.rangeCheck(ArrayList.java:653)
	at java.util.ArrayList.get(ArrayList.java:429)
	at org.openqa.selenium.support.pagefactory.internal.LocatingElementListHandler.invoke(LocatingElementListHandler.java:39)
	at com.sun.proxy.$Proxy11.get(Unknown Source)
	at com.laps.check.LAPSCheck.askbtn(LAPSCheck.java:248)
	at com.laps.testcase.testcase.checkAskbtn(testcase.java:56)
	at java.util.concurrent.FutureTask.run(FutureTask.java:266)
	at java.util.concurrent.ThreadPoolExecutor.runWorker(ThreadPoolExecutor.java:1142)
	at java.util.concurrent.ThreadPoolExecutor$Worker.run(ThreadPoolExecutor.java:617)
	at java.lang.Thread.run(Thread.java:745)
... Removed 19 stack frames]]>
    </failure>
  </testcase> <!-- checkAskbtn -->
  <testcase name="checkOnlineStatus" time="71.255" classname="com.laps.testcase.testcase"/>
  <testcase name="checkManOnlineStatus3" time="75.543" classname="com.laps.testcase.testcase"/>
  <testcase name="checkManVideo3" time="87.184" classname="com.laps.testcase.testcase"/>
  <testcase name="checkManMore3" time="85.511" classname="com.laps.testcase.testcase"/>
  <testcase name="checkManMore1" time="68.397" classname="com.laps.testcase.testcase"/>
  <testcase name="checkVIPList" time="64.723" classname="com.laps.testcase.testcase"/>
  <testcase name="checkBeanList1" time="131.756" classname="com.laps.testcase.testcase">
    <failure type="java.lang.AssertionError" message="800豆币，支付宝无自动续费">
      <![CDATA[java.lang.AssertionError: 800豆币，支付宝无自动续费
	at com.laps.check.LAPSCheck.beanPrice1(LAPSCheck.java:1897)
	at com.laps.check.LAPSCheck.beanList1(LAPSCheck.java:1347)
	at com.laps.testcase.testcase.checkBeanList1(testcase.java:98)
	at java.util.concurrent.FutureTask.run(FutureTask.java:266)
	at java.util.concurrent.ThreadPoolExecutor.runWorker(ThreadPoolExecutor.java:1142)
	at java.util.concurrent.ThreadPoolExecutor$Worker.run(ThreadPoolExecutor.java:617)
	at java.lang.Thread.run(Thread.java:745)
... Removed 17 stack frames]]>
    </failure>
  </testcase> <!-- checkBeanList1 -->
  <testcase name="checkLetterList1" time="132.602" classname="com.laps.testcase.testcase">
    <failure type="java.lang.AssertionError" message="一线男，写信包月90天，支付宝无自动续费">
      <![CDATA[java.lang.AssertionError: 一线男，写信包月90天，支付宝无自动续费
	at com.laps.check.LAPSCheck.letterPrice1(LAPSCheck.java:2150)
	at com.laps.check.LAPSCheck.letterList1(LAPSCheck.java:1365)
	at com.laps.testcase.testcase.checkLetterList1(testcase.java:103)
	at java.util.concurrent.FutureTask.run(FutureTask.java:266)
	at java.util.concurrent.ThreadPoolExecutor.runWorker(ThreadPoolExecutor.java:1142)
	at java.util.concurrent.ThreadPoolExecutor$Worker.run(ThreadPoolExecutor.java:617)
	at java.lang.Thread.run(Thread.java:745)
... Removed 17 stack frames]]>
    </failure>
  </testcase> <!-- checkLetterList1 -->
  <testcase name="checkVipList1" time="130.784" classname="com.laps.testcase.testcase">
    <failure type="java.lang.AssertionError" message="90天vip，支付宝无自动续费">
      <![CDATA[java.lang.AssertionError: 90天vip，支付宝无自动续费
	at com.laps.check.LAPSCheck.VipPrice1(LAPSCheck.java:2524)
	at com.laps.check.LAPSCheck.VipList1(LAPSCheck.java:1383)
	at com.laps.testcase.testcase.checkVipList1(testcase.java:108)
	at java.util.concurrent.FutureTask.run(FutureTask.java:266)
	at java.util.concurrent.ThreadPoolExecutor.runWorker(ThreadPoolExecutor.java:1142)
	at java.util.concurrent.ThreadPoolExecutor$Worker.run(ThreadPoolExecutor.java:617)
	at java.lang.Thread.run(Thread.java:745)
... Removed 17 stack frames]]>
    </failure>
  </testcase> <!-- checkVipList1 -->
  <testcase name="checkBeanList3" time="106.876" classname="com.laps.testcase.testcase">
    <failure type="java.lang.AssertionError" message="3天vip0元购不存在">
      <![CDATA[java.lang.AssertionError: 3天vip0元购不存在
	at com.laps.check.LAPSCheck.beanPrice3(LAPSCheck.java:1994)
	at com.laps.check.LAPSCheck.beanList3(LAPSCheck.java:1338)
	at com.laps.testcase.testcase.checkBeanList3(testcase.java:113)
	at java.util.concurrent.FutureTask.run(FutureTask.java:266)
	at java.util.concurrent.ThreadPoolExecutor.runWorker(ThreadPoolExecutor.java:1142)
	at java.util.concurrent.ThreadPoolExecutor$Worker.run(ThreadPoolExecutor.java:617)
	at java.lang.Thread.run(Thread.java:745)
... Removed 17 stack frames]]>
    </failure>
  </testcase> <!-- checkBeanList3 -->
  <testcase name="checkLetterList3" time="105.012" classname="com.laps.testcase.testcase">
    <failure type="java.lang.AssertionError" message="写信包月0元购不存在">
      <![CDATA[java.lang.AssertionError: 写信包月0元购不存在
	at com.laps.check.LAPSCheck.letterPrice3(LAPSCheck.java:2309)
	at com.laps.check.LAPSCheck.letterList3(LAPSCheck.java:1356)
	at com.laps.testcase.testcase.checkLetterList3(testcase.java:118)
	at java.util.concurrent.FutureTask.run(FutureTask.java:266)
	at java.util.concurrent.ThreadPoolExecutor.runWorker(ThreadPoolExecutor.java:1142)
	at java.util.concurrent.ThreadPoolExecutor$Worker.run(ThreadPoolExecutor.java:617)
	at java.lang.Thread.run(Thread.java:745)
... Removed 17 stack frames]]>
    </failure>
  </testcase> <!-- checkLetterList3 -->
  <testcase name="checkVipList3" time="104.891" classname="com.laps.testcase.testcase">
    <failure type="java.lang.AssertionError" message="签约领取vip新手礼包不存在">
      <![CDATA[java.lang.AssertionError: 签约领取vip新手礼包不存在
	at com.laps.check.LAPSCheck.VipPrice3(LAPSCheck.java:2634)
	at com.laps.check.LAPSCheck.VipList3(LAPSCheck.java:1374)
	at com.laps.testcase.testcase.checkVipList3(testcase.java:123)
	at java.util.concurrent.FutureTask.run(FutureTask.java:266)
	at java.util.concurrent.ThreadPoolExecutor.runWorker(ThreadPoolExecutor.java:1142)
	at java.util.concurrent.ThreadPoolExecutor$Worker.run(ThreadPoolExecutor.java:617)
	at java.lang.Thread.run(Thread.java:745)
... Removed 17 stack frames]]>
    </failure>
  </testcase> <!-- checkVipList3 -->
  <testcase name="checkDuiDuiPeng" time="96.488" classname="com.laps.testcase.testcase">
    <failure type="java.lang.AssertionError" message="点击右下角“对对碰”，没有弹出 对对碰 对话框">
      <![CDATA[java.lang.AssertionError: 点击右下角“对对碰”，没有弹出 对对碰 对话框
	at com.laps.check.LAPSCheck.duiDuiPeng3(LAPSCheck.java:1392)
	at com.laps.testcase.testcase.checkDuiDuiPeng(testcase.java:313)
	at java.util.concurrent.FutureTask.run(FutureTask.java:266)
	at java.util.concurrent.ThreadPoolExecutor.runWorker(ThreadPoolExecutor.java:1142)
	at java.util.concurrent.ThreadPoolExecutor$Worker.run(ThreadPoolExecutor.java:617)
	at java.lang.Thread.run(Thread.java:745)
... Removed 17 stack frames]]>
    </failure>
  </testcase> <!-- checkDuiDuiPeng -->
  <testcase name="checkManNear1" time="110.72" classname="com.laps.testcase.testcase"/>
  <testcase name="checkAnswerQuestions1" time="71.98" classname="com.laps.testcase.testcase"/>
  <testcase name="checkAnswerQuestions3" time="94.147" classname="com.laps.testcase.testcase"/>
  <testcase name="checkMyPersonData1" time="104.64" classname="com.laps.testcase.testcase"/>
  <testcase name="checkMyCondition1" time="122.586" classname="com.laps.testcase.testcase"/>
  <testcase name="checkMyTag1" time="154.827" classname="com.laps.testcase.testcase">
    <failure type="org.openqa.selenium.TimeoutException" message="Expected condition failed: waiting for element to be clickable: Proxy element for: DefaultElementLocator &amp;apos;By.id: com.huizheng.lasq:id/body_item_9&amp;apos; (tried for 60 second(s) with 500 MILLISECONDS interval)">
      <![CDATA[org.openqa.selenium.TimeoutException: Expected condition failed: waiting for element to be clickable: Proxy element for: DefaultElementLocator 'By.id: com.huizheng.lasq:id/body_item_9' (tried for 60 second(s) with 500 MILLISECONDS interval)
	at org.openqa.selenium.support.ui.WebDriverWait.timeoutException(WebDriverWait.java:82)
	at org.openqa.selenium.support.ui.FluentWait.until(FluentWait.java:231)
	at com.laps.method.ElementMethod.waitElement(ElementMethod.java:1093)
	at com.laps.check.LAPSCheck.myTag1(LAPSCheck.java:890)
	at com.laps.testcase.testcase.checkMyTag1(testcase.java:149)
	at java.util.concurrent.FutureTask.run(FutureTask.java:266)
	at java.util.concurrent.ThreadPoolExecutor.runWorker(ThreadPoolExecutor.java:1142)
	at java.util.concurrent.ThreadPoolExecutor$Worker.run(ThreadPoolExecutor.java:617)
	at java.lang.Thread.run(Thread.java:745)
Caused by: org.openqa.selenium.NoSuchElementException: An element could not be located on the page using the given search parameters. (WARNING: The server did not provide any stacktrace information)
Command duration or timeout: 0 milliseconds
For documentation on this error, please visit: http://seleniumhq.org/exceptions/no_such_element.html
Build info: version: '3.14.0', revision: 'aacccce0', time: '2018-08-02T20:19:58.91Z'
System info: host: 'SC-201512161950', ip: '192.168.123.41', os.name: 'Windows 10', os.arch: 'amd64', os.version: '10.0', java.version: '1.8.0_91'
Driver info: io.appium.java_client.android.AndroidDriver
Capabilities {app: E:\laps.apk, appActivity: com.app.ui.activity.Welcome..., appPackage: com.huizheng.lasq, appWaitActivity: com.app.ui.activity.Welcome..., appWaitPackage: com.huizheng.lasq, databaseEnabled: false, desired: {app: E:\laps.apk, deviceName: DU2SSE148L041137, platformName: Android, platformVersion: 4.4.2, resetKeyboard: true, unicodeKeyboard: true}, deviceManufacturer: HUAWEI, deviceModel: H60-L01, deviceName: DU2SSE148L041137, deviceScreenSize: 1080x1920, deviceUDID: DU2SSE148L041137, javascriptEnabled: true, locationContextEnabled: false, networkConnectionEnabled: true, platform: LINUX, platformName: LINUX, platformVersion: 4.4.2, resetKeyboard: true, takesScreenshot: true, unicodeKeyboard: true, warnings: {}, webStorageEnabled: false}
Session ID: 8d3871b1-5ebc-4c92-bd1d-fce6375a0ae4
*** Element info: {Using=id, value=com.huizheng.lasq:id/body_item_9}
	at org.openqa.selenium.remote.ErrorHandler.createThrowable(ErrorHandler.java:214)
	at org.openqa.selenium.remote.ErrorHandler.throwIfResponseFailed(ErrorHandler.java:166)
	at org.openqa.selenium.remote.http.JsonHttpResponseCodec.reconstructValue(JsonHttpResponseCodec.java:40)
	at org.openqa.selenium.remote.http.AbstractHttpResponseCodec.decode(AbstractHttpResponseCodec.java:80)
	at org.openqa.selenium.remote.http.AbstractHttpResponseCodec.decode(AbstractHttpResponseCodec.java:44)
	at org.openqa.selenium.remote.HttpCommandExecutor.execute(HttpCommandExecutor.java:158)
	at io.appium.java_client.remote.AppiumCommandExecutor.execute(AppiumCommandExecutor.java:89)
	at org.openqa.selenium.remote.RemoteWebDriver.execute(RemoteWebDriver.java:548)
	at io.appium.java_client.DefaultGenericMobileDriver.execute(DefaultGenericMobileDriver.java:42)
	at io.appium.java_client.AppiumDriver.execute(AppiumDriver.java:1)
	at io.appium.java_client.android.AndroidDriver.execute(AndroidDriver.java:1)
	at org.openqa.selenium.remote.RemoteWebDriver.findElement(RemoteWebDriver.java:322)
	at io.appium.java_client.DefaultGenericMobileDriver.findElement(DefaultGenericMobileDriver.java:62)
	at io.appium.java_client.AppiumDriver.findElement(AppiumDriver.java:1)
	at io.appium.java_client.android.AndroidDriver.findElement(AndroidDriver.java:1)
	at org.openqa.selenium.remote.RemoteWebDriver.findElementById(RemoteWebDriver.java:368)
	at io.appium.java_client.DefaultGenericMobileDriver.findElementById(DefaultGenericMobileDriver.java:70)
	at io.appium.java_client.AppiumDriver.findElementById(AppiumDriver.java:1)
	at io.appium.java_client.android.AndroidDriver.findElementById(AndroidDriver.java:1)
	at org.openqa.selenium.By$ById.findElement(By.java:188)
	at org.openqa.selenium.remote.RemoteWebDriver.findElement(RemoteWebDriver.java:314)
	at io.appium.java_client.DefaultGenericMobileDriver.findElement(DefaultGenericMobileDriver.java:58)
	at io.appium.java_client.AppiumDriver.findElement(AppiumDriver.java:1)
	at io.appium.java_client.android.AndroidDriver.findElement(AndroidDriver.java:1)
	at org.openqa.selenium.support.pagefactory.DefaultElementLocator.findElement(DefaultElementLocator.java:69)
	at org.openqa.selenium.support.pagefactory.internal.LocatingElementHandler.invoke(LocatingElementHandler.java:38)
	at com.sun.proxy.$Proxy10.isDisplayed(Unknown Source)
	at org.openqa.selenium.support.ui.ExpectedConditions.elementIfVisible(ExpectedConditions.java:301)
	at org.openqa.selenium.support.ui.ExpectedConditions.access$100(ExpectedConditions.java:43)
	at org.openqa.selenium.support.ui.ExpectedConditions$10.apply(ExpectedConditions.java:287)
	at org.openqa.selenium.support.ui.ExpectedConditions$10.apply(ExpectedConditions.java:284)
	at org.openqa.selenium.support.ui.ExpectedConditions$23.apply(ExpectedConditions.java:672)
	at org.openqa.selenium.support.ui.ExpectedConditions$23.apply(ExpectedConditions.java:668)
	at org.openqa.selenium.support.ui.FluentWait.until(FluentWait.java:208)
	... 23 more
... Removed 20 stack frames]]>
    </failure>
  </testcase> <!-- checkMyTag1 -->
  <testcase name="checkMyIntroduction3" time="89.397" classname="com.laps.testcase.testcase"/>
  <testcase name="checkInitSearch" time="66.678" classname="com.laps.testcase.testcase"/>
  <testcase name="checkSeachArea" time="81.247" classname="com.laps.testcase.testcase"/>
  <testcase name="checkSeachAge" time="136.615" classname="com.laps.testcase.testcase"/>
  <testcase name="checkSeachHeight" time="117.07" classname="com.laps.testcase.testcase"/>
  <testcase name="checkSeachAll" time="133.528" classname="com.laps.testcase.testcase"/>
  <testcase name="checkSeachHello" time="104.641" classname="com.laps.testcase.testcase"/>
  <testcase name="checkManTuiJian3" time="103.875" classname="com.laps.testcase.testcase">
    <failure type="java.lang.AssertionError" message="空间中不存在“语音聊天”按钮">
      <![CDATA[java.lang.AssertionError: 空间中不存在“语音聊天”按钮
	at com.laps.check.LAPSCheck.tuijian3(LAPSCheck.java:1135)
	at com.laps.testcase.testcase.checkManTuiJian3(testcase.java:200)
	at java.util.concurrent.FutureTask.run(FutureTask.java:266)
	at java.util.concurrent.ThreadPoolExecutor.runWorker(ThreadPoolExecutor.java:1142)
	at java.util.concurrent.ThreadPoolExecutor$Worker.run(ThreadPoolExecutor.java:617)
	at java.lang.Thread.run(Thread.java:745)
... Removed 17 stack frames]]>
    </failure>
  </testcase> <!-- checkManTuiJian3 -->
  <testcase name="checkMailboxNum1" time="67.421" classname="com.laps.testcase.testcase"/>
  <testcase name="checkMailboxPersonData1" time="65.086" classname="com.laps.testcase.testcase"/>
  <testcase name="checkMailbox1" time="65.553" classname="com.laps.testcase.testcase"/>
  <testcase name="checkManMailboxZone3" time="85.772" classname="com.laps.testcase.testcase"/>
  <testcase name="checkManMailboxZonePic3" time="76.338" classname="com.laps.testcase.testcase"/>
  <testcase name="checkWomenLogin1" time="114.7" classname="com.laps.testcase.testcase">
    <failure type="org.openqa.selenium.NoSuchElementException" message="An element could not be located on the page using the given search parameters. (WARNING: The server did not provide any stacktrace information)
Command duration or timeout: 0 milliseconds
For documentation on this error, please visit: http://seleniumhq.org/exceptions/no_such_element.html
Build info: version: &amp;apos;3.14.0&amp;apos;, revision: &amp;apos;aacccce0&amp;apos;, time: &amp;apos;2018-08-02T20:19:58.91Z&amp;apos;
System info: host: &amp;apos;SC-201512161950&amp;apos;, ip: &amp;apos;192.168.123.41&amp;apos;, os.name: &amp;apos;Windows 10&amp;apos;, os.arch: &amp;apos;amd64&amp;apos;, os.version: &amp;apos;10.0&amp;apos;, java.version: &amp;apos;1.8.0_91&amp;apos;
Driver info: io.appium.java_client.android.AndroidDriver
Capabilities {app: E:\laps.apk, appActivity: com.app.ui.activity.Welcome..., appPackage: com.huizheng.lasq, appWaitActivity: com.app.ui.activity.Welcome..., appWaitPackage: com.huizheng.lasq, databaseEnabled: false, desired: {app: E:\laps.apk, deviceName: DU2SSE148L041137, platformName: Android, platformVersion: 4.4.2, resetKeyboard: true, unicodeKeyboard: true}, deviceManufacturer: HUAWEI, deviceModel: H60-L01, deviceName: DU2SSE148L041137, deviceScreenSize: 1080x1920, deviceUDID: DU2SSE148L041137, javascriptEnabled: true, locationContextEnabled: false, networkConnectionEnabled: true, platform: LINUX, platformName: LINUX, platformVersion: 4.4.2, resetKeyboard: true, takesScreenshot: true, unicodeKeyboard: true, warnings: {}, webStorageEnabled: false}
Session ID: 8d3871b1-5ebc-4c92-bd1d-fce6375a0ae4
*** Element info: {Using=id, value=com.huizheng.lasq:id/id_topview}">
      <![CDATA[org.openqa.selenium.NoSuchElementException: An element could not be located on the page using the given search parameters. (WARNING: The server did not provide any stacktrace information)
Command duration or timeout: 0 milliseconds
For documentation on this error, please visit: http://seleniumhq.org/exceptions/no_such_element.html
Build info: version: '3.14.0', revision: 'aacccce0', time: '2018-08-02T20:19:58.91Z'
System info: host: 'SC-201512161950', ip: '192.168.123.41', os.name: 'Windows 10', os.arch: 'amd64', os.version: '10.0', java.version: '1.8.0_91'
Driver info: io.appium.java_client.android.AndroidDriver
Capabilities {app: E:\laps.apk, appActivity: com.app.ui.activity.Welcome..., appPackage: com.huizheng.lasq, appWaitActivity: com.app.ui.activity.Welcome..., appWaitPackage: com.huizheng.lasq, databaseEnabled: false, desired: {app: E:\laps.apk, deviceName: DU2SSE148L041137, platformName: Android, platformVersion: 4.4.2, resetKeyboard: true, unicodeKeyboard: true}, deviceManufacturer: HUAWEI, deviceModel: H60-L01, deviceName: DU2SSE148L041137, deviceScreenSize: 1080x1920, deviceUDID: DU2SSE148L041137, javascriptEnabled: true, locationContextEnabled: false, networkConnectionEnabled: true, platform: LINUX, platformName: LINUX, platformVersion: 4.4.2, resetKeyboard: true, takesScreenshot: true, unicodeKeyboard: true, warnings: {}, webStorageEnabled: false}
Session ID: 8d3871b1-5ebc-4c92-bd1d-fce6375a0ae4
*** Element info: {Using=id, value=com.huizheng.lasq:id/id_topview}
	at org.openqa.selenium.remote.ErrorHandler.createThrowable(ErrorHandler.java:214)
	at org.openqa.selenium.remote.ErrorHandler.throwIfResponseFailed(ErrorHandler.java:166)
	at org.openqa.selenium.remote.http.JsonHttpResponseCodec.reconstructValue(JsonHttpResponseCodec.java:40)
	at org.openqa.selenium.remote.http.AbstractHttpResponseCodec.decode(AbstractHttpResponseCodec.java:80)
	at org.openqa.selenium.remote.http.AbstractHttpResponseCodec.decode(AbstractHttpResponseCodec.java:44)
	at org.openqa.selenium.remote.HttpCommandExecutor.execute(HttpCommandExecutor.java:158)
	at io.appium.java_client.remote.AppiumCommandExecutor.execute(AppiumCommandExecutor.java:89)
	at org.openqa.selenium.remote.RemoteWebDriver.execute(RemoteWebDriver.java:548)
	at io.appium.java_client.DefaultGenericMobileDriver.execute(DefaultGenericMobileDriver.java:42)
	at io.appium.java_client.AppiumDriver.execute(AppiumDriver.java:1)
	at io.appium.java_client.android.AndroidDriver.execute(AndroidDriver.java:1)
	at org.openqa.selenium.remote.RemoteWebDriver.findElement(RemoteWebDriver.java:322)
	at io.appium.java_client.DefaultGenericMobileDriver.findElement(DefaultGenericMobileDriver.java:62)
	at io.appium.java_client.AppiumDriver.findElement(AppiumDriver.java:1)
	at io.appium.java_client.android.AndroidDriver.findElement(AndroidDriver.java:1)
	at org.openqa.selenium.remote.RemoteWebDriver.findElementById(RemoteWebDriver.java:368)
	at io.appium.java_client.DefaultGenericMobileDriver.findElementById(DefaultGenericMobileDriver.java:70)
	at io.appium.java_client.AppiumDriver.findElementById(AppiumDriver.java:1)
	at io.appium.java_client.android.AndroidDriver.findElementById(AndroidDriver.java:1)
	at org.openqa.selenium.By$ById.findElement(By.java:188)
	at org.openqa.selenium.remote.RemoteWebDriver.findElement(RemoteWebDriver.java:314)
	at io.appium.java_client.DefaultGenericMobileDriver.findElement(DefaultGenericMobileDriver.java:58)
	at io.appium.java_client.AppiumDriver.findElement(AppiumDriver.java:1)
	at io.appium.java_client.android.AndroidDriver.findElement(AndroidDriver.java:1)
	at org.openqa.selenium.support.pagefactory.DefaultElementLocator.findElement(DefaultElementLocator.java:69)
	at org.openqa.selenium.support.pagefactory.internal.LocatingElementHandler.invoke(LocatingElementHandler.java:38)
	at com.sun.proxy.$Proxy10.getText(Unknown Source)
	at com.laps.method.ElementMethod.getTopView(ElementMethod.java:33)
	at com.laps.check.LAPSCheck.womanLogin1(LAPSCheck.java:2945)
	at com.laps.testcase.testcase.checkWomenLogin1(testcase.java:270)
	at java.util.concurrent.FutureTask.run(FutureTask.java:266)
	at java.util.concurrent.ThreadPoolExecutor.runWorker(ThreadPoolExecutor.java:1142)
	at java.util.concurrent.ThreadPoolExecutor$Worker.run(ThreadPoolExecutor.java:617)
	at java.lang.Thread.run(Thread.java:745)
... Removed 19 stack frames]]>
    </failure>
  </testcase> <!-- checkWomenLogin1 -->
  <testcase name="checkWomenLogin3" time="118.673" classname="com.laps.testcase.testcase">
    <failure type="org.openqa.selenium.NoSuchElementException" message="An element could not be located on the page using the given search parameters. (WARNING: The server did not provide any stacktrace information)
Command duration or timeout: 0 milliseconds
For documentation on this error, please visit: http://seleniumhq.org/exceptions/no_such_element.html
Build info: version: &amp;apos;3.14.0&amp;apos;, revision: &amp;apos;aacccce0&amp;apos;, time: &amp;apos;2018-08-02T20:19:58.91Z&amp;apos;
System info: host: &amp;apos;SC-201512161950&amp;apos;, ip: &amp;apos;192.168.123.41&amp;apos;, os.name: &amp;apos;Windows 10&amp;apos;, os.arch: &amp;apos;amd64&amp;apos;, os.version: &amp;apos;10.0&amp;apos;, java.version: &amp;apos;1.8.0_91&amp;apos;
Driver info: io.appium.java_client.android.AndroidDriver
Capabilities {app: E:\laps.apk, appActivity: com.app.ui.activity.Welcome..., appPackage: com.huizheng.lasq, appWaitActivity: com.app.ui.activity.Welcome..., appWaitPackage: com.huizheng.lasq, databaseEnabled: false, desired: {app: E:\laps.apk, deviceName: DU2SSE148L041137, platformName: Android, platformVersion: 4.4.2, resetKeyboard: true, unicodeKeyboard: true}, deviceManufacturer: HUAWEI, deviceModel: H60-L01, deviceName: DU2SSE148L041137, deviceScreenSize: 1080x1920, deviceUDID: DU2SSE148L041137, javascriptEnabled: true, locationContextEnabled: false, networkConnectionEnabled: true, platform: LINUX, platformName: LINUX, platformVersion: 4.4.2, resetKeyboard: true, takesScreenshot: true, unicodeKeyboard: true, warnings: {}, webStorageEnabled: false}
Session ID: 8d3871b1-5ebc-4c92-bd1d-fce6375a0ae4
*** Element info: {Using=id, value=com.huizheng.lasq:id/id_topview}">
      <![CDATA[org.openqa.selenium.NoSuchElementException: An element could not be located on the page using the given search parameters. (WARNING: The server did not provide any stacktrace information)
Command duration or timeout: 0 milliseconds
For documentation on this error, please visit: http://seleniumhq.org/exceptions/no_such_element.html
Build info: version: '3.14.0', revision: 'aacccce0', time: '2018-08-02T20:19:58.91Z'
System info: host: 'SC-201512161950', ip: '192.168.123.41', os.name: 'Windows 10', os.arch: 'amd64', os.version: '10.0', java.version: '1.8.0_91'
Driver info: io.appium.java_client.android.AndroidDriver
Capabilities {app: E:\laps.apk, appActivity: com.app.ui.activity.Welcome..., appPackage: com.huizheng.lasq, appWaitActivity: com.app.ui.activity.Welcome..., appWaitPackage: com.huizheng.lasq, databaseEnabled: false, desired: {app: E:\laps.apk, deviceName: DU2SSE148L041137, platformName: Android, platformVersion: 4.4.2, resetKeyboard: true, unicodeKeyboard: true}, deviceManufacturer: HUAWEI, deviceModel: H60-L01, deviceName: DU2SSE148L041137, deviceScreenSize: 1080x1920, deviceUDID: DU2SSE148L041137, javascriptEnabled: true, locationContextEnabled: false, networkConnectionEnabled: true, platform: LINUX, platformName: LINUX, platformVersion: 4.4.2, resetKeyboard: true, takesScreenshot: true, unicodeKeyboard: true, warnings: {}, webStorageEnabled: false}
Session ID: 8d3871b1-5ebc-4c92-bd1d-fce6375a0ae4
*** Element info: {Using=id, value=com.huizheng.lasq:id/id_topview}
	at org.openqa.selenium.remote.ErrorHandler.createThrowable(ErrorHandler.java:214)
	at org.openqa.selenium.remote.ErrorHandler.throwIfResponseFailed(ErrorHandler.java:166)
	at org.openqa.selenium.remote.http.JsonHttpResponseCodec.reconstructValue(JsonHttpResponseCodec.java:40)
	at org.openqa.selenium.remote.http.AbstractHttpResponseCodec.decode(AbstractHttpResponseCodec.java:80)
	at org.openqa.selenium.remote.http.AbstractHttpResponseCodec.decode(AbstractHttpResponseCodec.java:44)
	at org.openqa.selenium.remote.HttpCommandExecutor.execute(HttpCommandExecutor.java:158)
	at io.appium.java_client.remote.AppiumCommandExecutor.execute(AppiumCommandExecutor.java:89)
	at org.openqa.selenium.remote.RemoteWebDriver.execute(RemoteWebDriver.java:548)
	at io.appium.java_client.DefaultGenericMobileDriver.execute(DefaultGenericMobileDriver.java:42)
	at io.appium.java_client.AppiumDriver.execute(AppiumDriver.java:1)
	at io.appium.java_client.android.AndroidDriver.execute(AndroidDriver.java:1)
	at org.openqa.selenium.remote.RemoteWebDriver.findElement(RemoteWebDriver.java:322)
	at io.appium.java_client.DefaultGenericMobileDriver.findElement(DefaultGenericMobileDriver.java:62)
	at io.appium.java_client.AppiumDriver.findElement(AppiumDriver.java:1)
	at io.appium.java_client.android.AndroidDriver.findElement(AndroidDriver.java:1)
	at org.openqa.selenium.remote.RemoteWebDriver.findElementById(RemoteWebDriver.java:368)
	at io.appium.java_client.DefaultGenericMobileDriver.findElementById(DefaultGenericMobileDriver.java:70)
	at io.appium.java_client.AppiumDriver.findElementById(AppiumDriver.java:1)
	at io.appium.java_client.android.AndroidDriver.findElementById(AndroidDriver.java:1)
	at org.openqa.selenium.By$ById.findElement(By.java:188)
	at org.openqa.selenium.remote.RemoteWebDriver.findElement(RemoteWebDriver.java:314)
	at io.appium.java_client.DefaultGenericMobileDriver.findElement(DefaultGenericMobileDriver.java:58)
	at io.appium.java_client.AppiumDriver.findElement(AppiumDriver.java:1)
	at io.appium.java_client.android.AndroidDriver.findElement(AndroidDriver.java:1)
	at org.openqa.selenium.support.pagefactory.DefaultElementLocator.findElement(DefaultElementLocator.java:69)
	at org.openqa.selenium.support.pagefactory.internal.LocatingElementHandler.invoke(LocatingElementHandler.java:38)
	at com.sun.proxy.$Proxy10.getText(Unknown Source)
	at com.laps.method.ElementMethod.getTopView(ElementMethod.java:33)
	at com.laps.check.LAPSCheck.womanLogin3(LAPSCheck.java:2973)
	at com.laps.testcase.testcase.checkWomenLogin3(testcase.java:275)
	at java.util.concurrent.FutureTask.run(FutureTask.java:266)
	at java.util.concurrent.ThreadPoolExecutor.runWorker(ThreadPoolExecutor.java:1142)
	at java.util.concurrent.ThreadPoolExecutor$Worker.run(ThreadPoolExecutor.java:617)
	at java.lang.Thread.run(Thread.java:745)
... Removed 19 stack frames]]>
    </failure>
  </testcase> <!-- checkWomenLogin3 -->
  <testcase name="checkWomenMore3" time="211.492" classname="com.laps.testcase.testcase">
    <failure type="org.openqa.selenium.TimeoutException" message="Expected condition failed: waiting for element to be clickable: Proxy element for: DefaultElementLocator &amp;apos;By.id: com.huizheng.lasq:id/more_button&amp;apos; (tried for 60 second(s) with 500 MILLISECONDS interval)">
      <![CDATA[org.openqa.selenium.TimeoutException: Expected condition failed: waiting for element to be clickable: Proxy element for: DefaultElementLocator 'By.id: com.huizheng.lasq:id/more_button' (tried for 60 second(s) with 500 MILLISECONDS interval)
	at org.openqa.selenium.support.ui.WebDriverWait.timeoutException(WebDriverWait.java:82)
	at org.openqa.selenium.support.ui.FluentWait.until(FluentWait.java:231)
	at com.laps.method.ElementMethod.waitElement(ElementMethod.java:1093)
	at com.laps.check.LAPSCheck.womanMore3(LAPSCheck.java:2993)
	at com.laps.testcase.testcase.checkWomenMore3(testcase.java:280)
	at java.util.concurrent.FutureTask.run(FutureTask.java:266)
	at java.util.concurrent.ThreadPoolExecutor.runWorker(ThreadPoolExecutor.java:1142)
	at java.util.concurrent.ThreadPoolExecutor$Worker.run(ThreadPoolExecutor.java:617)
	at java.lang.Thread.run(Thread.java:745)
Caused by: org.openqa.selenium.NoSuchElementException: An element could not be located on the page using the given search parameters. (WARNING: The server did not provide any stacktrace information)
Command duration or timeout: 0 milliseconds
For documentation on this error, please visit: http://seleniumhq.org/exceptions/no_such_element.html
Build info: version: '3.14.0', revision: 'aacccce0', time: '2018-08-02T20:19:58.91Z'
System info: host: 'SC-201512161950', ip: '192.168.123.41', os.name: 'Windows 10', os.arch: 'amd64', os.version: '10.0', java.version: '1.8.0_91'
Driver info: io.appium.java_client.android.AndroidDriver
Capabilities {app: E:\laps.apk, appActivity: com.app.ui.activity.Welcome..., appPackage: com.huizheng.lasq, appWaitActivity: com.app.ui.activity.Welcome..., appWaitPackage: com.huizheng.lasq, databaseEnabled: false, desired: {app: E:\laps.apk, deviceName: DU2SSE148L041137, platformName: Android, platformVersion: 4.4.2, resetKeyboard: true, unicodeKeyboard: true}, deviceManufacturer: HUAWEI, deviceModel: H60-L01, deviceName: DU2SSE148L041137, deviceScreenSize: 1080x1920, deviceUDID: DU2SSE148L041137, javascriptEnabled: true, locationContextEnabled: false, networkConnectionEnabled: true, platform: LINUX, platformName: LINUX, platformVersion: 4.4.2, resetKeyboard: true, takesScreenshot: true, unicodeKeyboard: true, warnings: {}, webStorageEnabled: false}
Session ID: 8d3871b1-5ebc-4c92-bd1d-fce6375a0ae4
*** Element info: {Using=id, value=com.huizheng.lasq:id/more_button}
	at org.openqa.selenium.remote.ErrorHandler.createThrowable(ErrorHandler.java:214)
	at org.openqa.selenium.remote.ErrorHandler.throwIfResponseFailed(ErrorHandler.java:166)
	at org.openqa.selenium.remote.http.JsonHttpResponseCodec.reconstructValue(JsonHttpResponseCodec.java:40)
	at org.openqa.selenium.remote.http.AbstractHttpResponseCodec.decode(AbstractHttpResponseCodec.java:80)
	at org.openqa.selenium.remote.http.AbstractHttpResponseCodec.decode(AbstractHttpResponseCodec.java:44)
	at org.openqa.selenium.remote.HttpCommandExecutor.execute(HttpCommandExecutor.java:158)
	at io.appium.java_client.remote.AppiumCommandExecutor.execute(AppiumCommandExecutor.java:89)
	at org.openqa.selenium.remote.RemoteWebDriver.execute(RemoteWebDriver.java:548)
	at io.appium.java_client.DefaultGenericMobileDriver.execute(DefaultGenericMobileDriver.java:42)
	at io.appium.java_client.AppiumDriver.execute(AppiumDriver.java:1)
	at io.appium.java_client.android.AndroidDriver.execute(AndroidDriver.java:1)
	at org.openqa.selenium.remote.RemoteWebDriver.findElement(RemoteWebDriver.java:322)
	at io.appium.java_client.DefaultGenericMobileDriver.findElement(DefaultGenericMobileDriver.java:62)
	at io.appium.java_client.AppiumDriver.findElement(AppiumDriver.java:1)
	at io.appium.java_client.android.AndroidDriver.findElement(AndroidDriver.java:1)
	at org.openqa.selenium.remote.RemoteWebDriver.findElementById(RemoteWebDriver.java:368)
	at io.appium.java_client.DefaultGenericMobileDriver.findElementById(DefaultGenericMobileDriver.java:70)
	at io.appium.java_client.AppiumDriver.findElementById(AppiumDriver.java:1)
	at io.appium.java_client.android.AndroidDriver.findElementById(AndroidDriver.java:1)
	at org.openqa.selenium.By$ById.findElement(By.java:188)
	at org.openqa.selenium.remote.RemoteWebDriver.findElement(RemoteWebDriver.java:314)
	at io.appium.java_client.DefaultGenericMobileDriver.findElement(DefaultGenericMobileDriver.java:58)
	at io.appium.java_client.AppiumDriver.findElement(AppiumDriver.java:1)
	at io.appium.java_client.android.AndroidDriver.findElement(AndroidDriver.java:1)
	at org.openqa.selenium.support.pagefactory.DefaultElementLocator.findElement(DefaultElementLocator.java:69)
	at org.openqa.selenium.support.pagefactory.internal.LocatingElementHandler.invoke(LocatingElementHandler.java:38)
	at com.sun.proxy.$Proxy10.isDisplayed(Unknown Source)
	at org.openqa.selenium.support.ui.ExpectedConditions.elementIfVisible(ExpectedConditions.java:301)
	at org.openqa.selenium.support.ui.ExpectedConditions.access$100(ExpectedConditions.java:43)
	at org.openqa.selenium.support.ui.ExpectedConditions$10.apply(ExpectedConditions.java:287)
	at org.openqa.selenium.support.ui.ExpectedConditions$10.apply(ExpectedConditions.java:284)
	at org.openqa.selenium.support.ui.ExpectedConditions$23.apply(ExpectedConditions.java:672)
	at org.openqa.selenium.support.ui.ExpectedConditions$23.apply(ExpectedConditions.java:668)
	at org.openqa.selenium.support.ui.FluentWait.until(FluentWait.java:208)
	... 23 more
... Removed 19 stack frames]]>
    </failure>
  </testcase> <!-- checkWomenMore3 -->
  <testcase name="checkWomenAdvertisement3" time="151.096" classname="com.laps.testcase.testcase"/>
  <testcase name="checkWomenSayHi3" time="212.493" classname="com.laps.testcase.testcase"/>
  <testcase name="checkWomenMemberCenter3" time="117.852" classname="com.laps.testcase.testcase"/>
  <testcase name="checkManKeFu" time="0.0" classname="com.laps.testcase.testcase">
    <ignored/>
  </testcase> <!-- checkManKeFu -->
  <testcase name="checkVIPMianMi" time="0.0" classname="com.laps.testcase.testcase">
    <ignored/>
  </testcase> <!-- checkVIPMianMi -->
  <testcase name="checkManBuyVip3" time="0.0" classname="com.laps.testcase.testcase">
    <ignored/>
  </testcase> <!-- checkManBuyVip3 -->
  <testcase name="checkManSayHILanjie1" time="0.0" classname="com.laps.testcase.testcase">
    <ignored/>
  </testcase> <!-- checkManSayHILanjie1 -->
  <testcase name="checkManHelp" time="0.0" classname="com.laps.testcase.testcase">
    <ignored/>
  </testcase> <!-- checkManHelp -->
  <testcase name="checkMyVisitor3" time="0.0" classname="com.laps.testcase.testcase">
    <ignored/>
  </testcase> <!-- checkMyVisitor3 -->
  <testcase name="checkWomenZhaoHuGuanJia1" time="0.0" classname="com.laps.testcase.testcase">
    <ignored/>
  </testcase> <!-- checkWomenZhaoHuGuanJia1 -->
  <testcase name="checkLetterMianMi" time="0.0" classname="com.laps.testcase.testcase">
    <ignored/>
  </testcase> <!-- checkLetterMianMi -->
  <testcase name="checkWomenRegiste1" time="0.0" classname="com.laps.testcase.testcase">
    <ignored/>
  </testcase> <!-- checkWomenRegiste1 -->
  <testcase name="checkManSecurity" time="0.0" classname="com.laps.testcase.testcase">
    <ignored/>
  </testcase> <!-- checkManSecurity -->
  <testcase name="checkManSpace3" time="0.0" classname="com.laps.testcase.testcase">
    <ignored/>
  </testcase> <!-- checkManSpace3 -->
  <testcase name="checkWomenRegiste3" time="0.0" classname="com.laps.testcase.testcase">
    <ignored/>
  </testcase> <!-- checkWomenRegiste3 -->
  <testcase name="checkManSayHILanjie3" time="0.0" classname="com.laps.testcase.testcase">
    <ignored/>
  </testcase> <!-- checkManSayHILanjie3 -->
  <testcase name="checkManWechar3" time="0.0" classname="com.laps.testcase.testcase">
    <ignored/>
  </testcase> <!-- checkManWechar3 -->
  <testcase name="checkManRegisteNear3" time="0.0" classname="com.laps.testcase.testcase">
    <ignored/>
  </testcase> <!-- checkManRegisteNear3 -->
  <testcase name="checkWomenNear3" time="0.0" classname="com.laps.testcase.testcase">
    <ignored/>
  </testcase> <!-- checkWomenNear3 -->
  <testcase name="checkVIPList3" time="0.0" classname="com.laps.testcase.testcase">
    <ignored/>
  </testcase> <!-- checkVIPList3 -->
  <testcase name="checkManBuyBean3" time="0.0" classname="com.laps.testcase.testcase">
    <ignored/>
  </testcase> <!-- checkManBuyBean3 -->
  <testcase name="checkManNear3" time="0.0" classname="com.laps.testcase.testcase">
    <ignored/>
  </testcase> <!-- checkManNear3 -->
  <testcase name="checkMyIntegrity3" time="0.0" classname="com.laps.testcase.testcase">
    <ignored/>
  </testcase> <!-- checkMyIntegrity3 -->
  <testcase name="checkManRegiste3" time="0.0" classname="com.laps.testcase.testcase">
    <ignored/>
  </testcase> <!-- checkManRegiste3 -->
  <testcase name="checkManQQ3" time="0.0" classname="com.laps.testcase.testcase">
    <ignored/>
  </testcase> <!-- checkManQQ3 -->
  <testcase name="checkManCustomCall" time="0.0" classname="com.laps.testcase.testcase">
    <ignored/>
  </testcase> <!-- checkManCustomCall -->
</testsuite> <!-- 恋爱普适 -->
