<?xml version="1.0" encoding="UTF-8"?>
<testsuite xmlns:xsi="http://www.w3.org/2001/XMLSchema-instance" xsi:schemaLocation="https://maven.apache.org/surefire/maven-surefire-plugin/xsd/surefire-test-report.xsd" name="TestSuite" time="4,937.805" tests="46" errors="0" skipped="0" failures="14">
  <properties>
    <property name="java.runtime.name" value="Java(TM) SE Runtime Environment"/>
    <property name="sun.boot.library.path" value="C:\Program Files\Java\jdk1.8.0_91\jre\bin"/>
    <property name="java.vm.version" value="25.91-b14"/>
    <property name="java.vm.vendor" value="Oracle Corporation"/>
    <property name="maven.multiModuleProjectDirectory" value="E:\LBS5.5.9"/>
    <property name="java.vendor.url" value="http://java.oracle.com/"/>
    <property name="path.separator" value=";"/>
    <property name="guice.disable.misplaced.annotation.check" value="true"/>
    <property name="java.vm.name" value="Java HotSpot(TM) 64-Bit Server VM"/>
    <property name="file.encoding.pkg" value="sun.io"/>
    <property name="user.script" value=""/>
    <property name="user.country" value="CN"/>
    <property name="sun.java.launcher" value="SUN_STANDARD"/>
    <property name="sun.os.patch.level" value=""/>
    <property name="java.vm.specification.name" value="Java Virtual Machine Specification"/>
    <property name="user.dir" value="E:\LBS5.5.9"/>
    <property name="java.runtime.version" value="1.8.0_91-b14"/>
    <property name="java.awt.graphicsenv" value="sun.awt.Win32GraphicsEnvironment"/>
    <property name="java.endorsed.dirs" value="C:\Program Files\Java\jdk1.8.0_91\jre\lib\endorsed"/>
    <property name="os.arch" value="amd64"/>
    <property name="java.io.tmpdir" value="C:\Users\ADMINI~1\AppData\Local\Temp\"/>
    <property name="line.separator" value="&#10;"/>
    <property name="java.vm.specification.vendor" value="Oracle Corporation"/>
    <property name="user.variant" value=""/>
    <property name="os.name" value="Windows 10"/>
    <property name="classworlds.conf" value="F:\maven\bin\..\bin\m2.conf"/>
    <property name="sun.jnu.encoding" value="GBK"/>
    <property name="java.library.path" value="C:\Program Files\Java\jdk1.8.0_91\bin;C:\Windows\Sun\Java\bin;C:\Windows\system32;C:\Windows;C:\Users\Administrator\AppData\Local\Programs\Python\Python36-32\;C:\Users\Administrator\AppData\Local\Programs\Python\Python36-32\Scripts;C:\ProgramData\Oracle\Java\javapath;C:\Windows\system32;C:\Windows;C:\Windows\System32\Wbem;C:\Windows\System32\WindowsPowerShell\v1.0\;C:\Program Files\Java\jdk1.8.0_91\bin;C:\Program Files\nodejs\;C:\strawberry\c\bin;C:\strawberry\perl\bin;F:\maven\bin;C:\Program Files\TortoiseSVN\bin;F:\Program Files\Git\cmd;C:\Users\Administrator\AppData\Local\Programs\Python\Python36-32\Scripts\;C:\Users\Administrator\AppData\Local\Programs\Python\Python36-32\;C:\Users\Administrator\AppData\Roaming\npm;C:\Program Files\MySQL\mysql-5.6.26-winx64\bin;E:\Android\android-sdk\platform-tools;E:\Android\android-sdk\tools;E:\Appium\node_modules\.bin\;E:\Android\android-sdk\build-tools\27.0.3;F:\AppServ\Apache24\bin;F:\AppServ\php5;F:\AppServ\MySQL\bin;."/>
    <property name="maven.conf" value="F:\maven\bin\../conf"/>
    <property name="java.specification.name" value="Java Platform API Specification"/>
    <property name="java.class.version" value="52.0"/>
    <property name="sun.management.compiler" value="HotSpot 64-Bit Tiered Compilers"/>
    <property name="os.version" value="10.0"/>
    <property name="library.jansi.path" value="F:\maven\bin\..\lib\jansi-native"/>
    <property name="user.home" value="C:\Users\Administrator"/>
    <property name="user.timezone" value="Asia/Shanghai"/>
    <property name="java.awt.printerjob" value="sun.awt.windows.WPrinterJob"/>
    <property name="java.specification.version" value="1.8"/>
    <property name="file.encoding" value="GBK"/>
    <property name="user.name" value="Administrator"/>
    <property name="java.class.path" value="F:\maven\bin\..\boot\plexus-classworlds-2.5.2.jar"/>
    <property name="java.vm.specification.version" value="1.8"/>
    <property name="sun.arch.data.model" value="64"/>
    <property name="java.home" value="C:\Program Files\Java\jdk1.8.0_91\jre"/>
    <property name="sun.java.command" value="org.codehaus.plexus.classworlds.launcher.Launcher test clean"/>
    <property name="java.specification.vendor" value="Oracle Corporation"/>
    <property name="user.language" value="zh"/>
    <property name="awt.toolkit" value="sun.awt.windows.WToolkit"/>
    <property name="java.vm.info" value="mixed mode"/>
    <property name="java.version" value="1.8.0_91"/>
    <property name="java.ext.dirs" value="C:\Program Files\Java\jdk1.8.0_91\jre\lib\ext;C:\Windows\Sun\Java\lib\ext"/>
    <property name="sun.boot.class.path" value="C:\Program Files\Java\jdk1.8.0_91\jre\lib\resources.jar;C:\Program Files\Java\jdk1.8.0_91\jre\lib\rt.jar;C:\Program Files\Java\jdk1.8.0_91\jre\lib\sunrsasign.jar;C:\Program Files\Java\jdk1.8.0_91\jre\lib\jsse.jar;C:\Program Files\Java\jdk1.8.0_91\jre\lib\jce.jar;C:\Program Files\Java\jdk1.8.0_91\jre\lib\charsets.jar;C:\Program Files\Java\jdk1.8.0_91\jre\lib\jfr.jar;C:\Program Files\Java\jdk1.8.0_91\jre\classes"/>
    <property name="sun.stderr.encoding" value="ms936"/>
    <property name="java.vendor" value="Oracle Corporation"/>
    <property name="maven.home" value="F:\maven\bin\.."/>
    <property name="file.separator" value="\"/>
    <property name="java.vendor.url.bug" value="http://bugreport.sun.com/bugreport/"/>
    <property name="sun.cpu.endian" value="little"/>
    <property name="sun.io.unicode.encoding" value="UnicodeLittle"/>
    <property name="sun.stdout.encoding" value="ms936"/>
    <property name="sun.desktop" value="windows"/>
    <property name="sun.cpu.isalist" value="amd64"/>
  </properties>
  <testcase name="checkProtocol" classname="com.laps.testcase.testcase" time="8.004"/>
  <testcase name="checkManRegiste1" classname="com.laps.testcase.testcase" time="60.25"/>
  <testcase name="checkSayHi1" classname="com.laps.testcase.testcase" time="94.421">
    <failure message="Index: 0, Size: 0" type="java.lang.IndexOutOfBoundsException">java.lang.IndexOutOfBoundsException: Index: 0, Size: 0
	at com.laps.testcase.testcase.checkSayHi1(testcase.java:31)
</failure>
    <system-out><![CDATA[GetScreenshot Successful   E:\LBS5.5.9\test-output\com.laps.testcase.testcasecheckSayHi1.jpg
]]></system-out>
  </testcase>
  <testcase name="checkSayHi3" classname="com.laps.testcase.testcase" time="107.28"/>
  <testcase name="checkConversation" classname="com.laps.testcase.testcase" time="85.772"/>
  <testcase name="checkNotread" classname="com.laps.testcase.testcase" time="96.403"/>
  <testcase name="checkUpgraded" classname="com.laps.testcase.testcase" time="78.624"/>
  <testcase name="checkAskbtn" classname="com.laps.testcase.testcase" time="95.375">
    <failure message="Index: 0, Size: 0" type="java.lang.IndexOutOfBoundsException">java.lang.IndexOutOfBoundsException: Index: 0, Size: 0
	at com.laps.testcase.testcase.checkAskbtn(testcase.java:56)
</failure>
    <system-out><![CDATA[GetScreenshot Successful   E:\LBS5.5.9\test-output\com.laps.testcase.testcasecheckAskbtn.jpg
]]></system-out>
  </testcase>
  <testcase name="checkOnlineStatus" classname="com.laps.testcase.testcase" time="71.256"/>
  <testcase name="checkManOnlineStatus3" classname="com.laps.testcase.testcase" time="75.543"/>
  <testcase name="checkManVideo3" classname="com.laps.testcase.testcase" time="87.186"/>
  <testcase name="checkManMore3" classname="com.laps.testcase.testcase" time="85.512"/>
  <testcase name="checkManMore1" classname="com.laps.testcase.testcase" time="68.398"/>
  <testcase name="checkVIPList" classname="com.laps.testcase.testcase" time="64.715"/>
  <testcase name="checkBeanList1" classname="com.laps.testcase.testcase" time="135.797">
    <failure message="800豆币，支付宝无自动续费" type="java.lang.AssertionError">java.lang.AssertionError: 800豆币，支付宝无自动续费
	at com.laps.testcase.testcase.checkBeanList1(testcase.java:98)
</failure>
    <system-out><![CDATA[GetScreenshot Successful   E:\LBS5.5.9\test-output\com.laps.testcase.testcasecheckBeanList1.jpg
]]></system-out>
  </testcase>
  <testcase name="checkLetterList1" classname="com.laps.testcase.testcase" time="136.207">
    <failure message="一线男，写信包月90天，支付宝无自动续费" type="java.lang.AssertionError">java.lang.AssertionError: 一线男，写信包月90天，支付宝无自动续费
	at com.laps.testcase.testcase.checkLetterList1(testcase.java:103)
</failure>
    <system-out><![CDATA[GetScreenshot Successful   E:\LBS5.5.9\test-output\com.laps.testcase.testcasecheckLetterList1.jpg
]]></system-out>
  </testcase>
  <testcase name="checkVipList1" classname="com.laps.testcase.testcase" time="134.881">
    <failure message="90天vip，支付宝无自动续费" type="java.lang.AssertionError">java.lang.AssertionError: 90天vip，支付宝无自动续费
	at com.laps.testcase.testcase.checkVipList1(testcase.java:108)
</failure>
    <system-out><![CDATA[GetScreenshot Successful   E:\LBS5.5.9\test-output\com.laps.testcase.testcasecheckVipList1.jpg
]]></system-out>
  </testcase>
  <testcase name="checkBeanList3" classname="com.laps.testcase.testcase" time="110.989">
    <failure message="3天vip0元购不存在" type="java.lang.AssertionError">java.lang.AssertionError: 3天vip0元购不存在
	at com.laps.testcase.testcase.checkBeanList3(testcase.java:113)
</failure>
    <system-out><![CDATA[GetScreenshot Successful   E:\LBS5.5.9\test-output\com.laps.testcase.testcasecheckBeanList3.jpg
]]></system-out>
  </testcase>
  <testcase name="checkLetterList3" classname="com.laps.testcase.testcase" time="109.056">
    <failure message="写信包月0元购不存在" type="java.lang.AssertionError">java.lang.AssertionError: 写信包月0元购不存在
	at com.laps.testcase.testcase.checkLetterList3(testcase.java:118)
</failure>
    <system-out><![CDATA[GetScreenshot Successful   E:\LBS5.5.9\test-output\com.laps.testcase.testcasecheckLetterList3.jpg
]]></system-out>
  </testcase>
  <testcase name="checkVipList3" classname="com.laps.testcase.testcase" time="110.766">
    <failure message="签约领取vip新手礼包不存在" type="java.lang.AssertionError">java.lang.AssertionError: 签约领取vip新手礼包不存在
	at com.laps.testcase.testcase.checkVipList3(testcase.java:123)
</failure>
    <system-out><![CDATA[GetScreenshot Successful   E:\LBS5.5.9\test-output\com.laps.testcase.testcasecheckVipList3.jpg
]]></system-out>
  </testcase>
  <testcase name="checkDuiDuiPeng" classname="com.laps.testcase.testcase" time="101.452">
    <failure message="点击右下角“对对碰”，没有弹出 对对碰 对话框" type="java.lang.AssertionError">java.lang.AssertionError: 点击右下角“对对碰”，没有弹出 对对碰 对话框
	at com.laps.testcase.testcase.checkDuiDuiPeng(testcase.java:313)
</failure>
    <system-out><![CDATA[GetScreenshot Successful   E:\LBS5.5.9\test-output\com.laps.testcase.testcasecheckDuiDuiPeng.jpg
]]></system-out>
  </testcase>
  <testcase name="checkManNear1" classname="com.laps.testcase.testcase" time="110.72"/>
  <testcase name="checkAnswerQuestions1" classname="com.laps.testcase.testcase" time="71.98"/>
  <testcase name="checkAnswerQuestions3" classname="com.laps.testcase.testcase" time="94.147"/>
  <testcase name="checkMyPersonData1" classname="com.laps.testcase.testcase" time="104.643"/>
  <testcase name="checkMyCondition1" classname="com.laps.testcase.testcase" time="122.589"/>
  <testcase name="checkMyTag1" classname="com.laps.testcase.testcase" time="158.176">
    <failure message="Expected condition failed: waiting for element to be clickable: Proxy element for: DefaultElementLocator &apos;By.id: com.huizheng.lasq:id/body_item_9&apos; (tried for 60 second(s) with 500 MILLISECONDS interval)" type="org.openqa.selenium.TimeoutException">org.openqa.selenium.TimeoutException: Expected condition failed: waiting for element to be clickable: Proxy element for: DefaultElementLocator 'By.id: com.huizheng.lasq:id/body_item_9' (tried for 60 second(s) with 500 MILLISECONDS interval)
	at com.laps.testcase.testcase.checkMyTag1(testcase.java:149)
Caused by: org.openqa.selenium.NoSuchElementException: 
An element could not be located on the page using the given search parameters. (WARNING: The server did not provide any stacktrace information)
Command duration or timeout: 0 milliseconds
For documentation on this error, please visit: http://seleniumhq.org/exceptions/no_such_element.html
Build info: version: '3.14.0', revision: 'aacccce0', time: '2018-08-02T20:19:58.91Z'
System info: host: 'SC-201512161950', ip: '192.168.123.41', os.name: 'Windows 10', os.arch: 'amd64', os.version: '10.0', java.version: '1.8.0_91'
Driver info: io.appium.java_client.android.AndroidDriver
Capabilities {app: E:\laps.apk, appActivity: com.app.ui.activity.Welcome..., appPackage: com.huizheng.lasq, appWaitActivity: com.app.ui.activity.Welcome..., appWaitPackage: com.huizheng.lasq, databaseEnabled: false, desired: {app: E:\laps.apk, deviceName: DU2SSE148L041137, platformName: Android, platformVersion: 4.4.2, resetKeyboard: true, unicodeKeyboard: true}, deviceManufacturer: HUAWEI, deviceModel: H60-L01, deviceName: DU2SSE148L041137, deviceScreenSize: 1080x1920, deviceUDID: DU2SSE148L041137, javascriptEnabled: true, locationContextEnabled: false, networkConnectionEnabled: true, platform: LINUX, platformName: LINUX, platformVersion: 4.4.2, resetKeyboard: true, takesScreenshot: true, unicodeKeyboard: true, warnings: {}, webStorageEnabled: false}
Session ID: 8d3871b1-5ebc-4c92-bd1d-fce6375a0ae4
*** Element info: {Using=id, value=com.huizheng.lasq:id/body_item_9}
	at com.laps.testcase.testcase.checkMyTag1(testcase.java:149)
</failure>
    <system-out><![CDATA[GetScreenshot Successful   E:\LBS5.5.9\test-output\com.laps.testcase.testcasecheckMyTag1.jpg
]]></system-out>
  </testcase>
  <testcase name="checkMyIntroduction3" classname="com.laps.testcase.testcase" time="89.397"/>
  <testcase name="checkInitSearch" classname="com.laps.testcase.testcase" time="66.677"/>
  <testcase name="checkSeachArea" classname="com.laps.testcase.testcase" time="81.247"/>
  <testcase name="checkSeachAge" classname="com.laps.testcase.testcase" time="136.616"/>
  <testcase name="checkSeachHeight" classname="com.laps.testcase.testcase" time="117.07"/>
  <testcase name="checkSeachAll" classname="com.laps.testcase.testcase" time="133.529"/>
  <testcase name="checkSeachHello" classname="com.laps.testcase.testcase" time="104.64"/>
  <testcase name="checkManTuiJian3" classname="com.laps.testcase.testcase" time="109.419">
    <failure message="空间中不存在“语音聊天”按钮" type="java.lang.AssertionError">java.lang.AssertionError: 空间中不存在“语音聊天”按钮
	at com.laps.testcase.testcase.checkManTuiJian3(testcase.java:200)
</failure>
    <system-out><![CDATA[GetScreenshot Successful   E:\LBS5.5.9\test-output\com.laps.testcase.testcasecheckManTuiJian3.jpg
]]></system-out>
  </testcase>
  <testcase name="checkMailboxNum1" classname="com.laps.testcase.testcase" time="67.422"/>
  <testcase name="checkMailboxPersonData1" classname="com.laps.testcase.testcase" time="65.087"/>
  <testcase name="checkMailbox1" classname="com.laps.testcase.testcase" time="65.554"/>
  <testcase name="checkManMailboxZone3" classname="com.laps.testcase.testcase" time="85.775"/>
  <testcase name="checkManMailboxZonePic3" classname="com.laps.testcase.testcase" time="76.338"/>
  <testcase name="checkWomenLogin1" classname="com.laps.testcase.testcase" time="120.649">
    <failure message="An element could not be located on the page using the given search parameters. (WARNING: The server did not provide any stacktrace information)&#10;Command duration or timeout: 0 milliseconds&#10;For documentation on this error, please visit: http://seleniumhq.org/exceptions/no_such_element.html&#10;Build info: version: &apos;3.14.0&apos;, revision: &apos;aacccce0&apos;, time: &apos;2018-08-02T20:19:58.91Z&apos;&#10;System info: host: &apos;SC-201512161950&apos;, ip: &apos;192.168.123.41&apos;, os.name: &apos;Windows 10&apos;, os.arch: &apos;amd64&apos;, os.version: &apos;10.0&apos;, java.version: &apos;1.8.0_91&apos;&#10;Driver info: io.appium.java_client.android.AndroidDriver&#10;Capabilities {app: E:\laps.apk, appActivity: com.app.ui.activity.Welcome..., appPackage: com.huizheng.lasq, appWaitActivity: com.app.ui.activity.Welcome..., appWaitPackage: com.huizheng.lasq, databaseEnabled: false, desired: {app: E:\laps.apk, deviceName: DU2SSE148L041137, platformName: Android, platformVersion: 4.4.2, resetKeyboard: true, unicodeKeyboard: true}, deviceManufacturer: HUAWEI, deviceModel: H60-L01, deviceName: DU2SSE148L041137, deviceScreenSize: 1080x1920, deviceUDID: DU2SSE148L041137, javascriptEnabled: true, locationContextEnabled: false, networkConnectionEnabled: true, platform: LINUX, platformName: LINUX, platformVersion: 4.4.2, resetKeyboard: true, takesScreenshot: true, unicodeKeyboard: true, warnings: {}, webStorageEnabled: false}&#10;Session ID: 8d3871b1-5ebc-4c92-bd1d-fce6375a0ae4&#10;*** Element info: {Using=id, value=com.huizheng.lasq:id/id_topview}" type="org.openqa.selenium.NoSuchElementException">org.openqa.selenium.NoSuchElementException: 
An element could not be located on the page using the given search parameters. (WARNING: The server did not provide any stacktrace information)
Command duration or timeout: 0 milliseconds
For documentation on this error, please visit: http://seleniumhq.org/exceptions/no_such_element.html
Build info: version: '3.14.0', revision: 'aacccce0', time: '2018-08-02T20:19:58.91Z'
System info: host: 'SC-201512161950', ip: '192.168.123.41', os.name: 'Windows 10', os.arch: 'amd64', os.version: '10.0', java.version: '1.8.0_91'
Driver info: io.appium.java_client.android.AndroidDriver
Capabilities {app: E:\laps.apk, appActivity: com.app.ui.activity.Welcome..., appPackage: com.huizheng.lasq, appWaitActivity: com.app.ui.activity.Welcome..., appWaitPackage: com.huizheng.lasq, databaseEnabled: false, desired: {app: E:\laps.apk, deviceName: DU2SSE148L041137, platformName: Android, platformVersion: 4.4.2, resetKeyboard: true, unicodeKeyboard: true}, deviceManufacturer: HUAWEI, deviceModel: H60-L01, deviceName: DU2SSE148L041137, deviceScreenSize: 1080x1920, deviceUDID: DU2SSE148L041137, javascriptEnabled: true, locationContextEnabled: false, networkConnectionEnabled: true, platform: LINUX, platformName: LINUX, platformVersion: 4.4.2, resetKeyboard: true, takesScreenshot: true, unicodeKeyboard: true, warnings: {}, webStorageEnabled: false}
Session ID: 8d3871b1-5ebc-4c92-bd1d-fce6375a0ae4
*** Element info: {Using=id, value=com.huizheng.lasq:id/id_topview}
	at com.laps.testcase.testcase.checkWomenLogin1(testcase.java:270)
</failure>
    <system-out><![CDATA[GetScreenshot Successful   E:\LBS5.5.9\test-output\com.laps.testcase.testcasecheckWomenLogin1.jpg
]]></system-out>
  </testcase>
  <testcase name="checkWomenLogin3" classname="com.laps.testcase.testcase" time="123.903">
    <failure message="An element could not be located on the page using the given search parameters. (WARNING: The server did not provide any stacktrace information)&#10;Command duration or timeout: 0 milliseconds&#10;For documentation on this error, please visit: http://seleniumhq.org/exceptions/no_such_element.html&#10;Build info: version: &apos;3.14.0&apos;, revision: &apos;aacccce0&apos;, time: &apos;2018-08-02T20:19:58.91Z&apos;&#10;System info: host: &apos;SC-201512161950&apos;, ip: &apos;192.168.123.41&apos;, os.name: &apos;Windows 10&apos;, os.arch: &apos;amd64&apos;, os.version: &apos;10.0&apos;, java.version: &apos;1.8.0_91&apos;&#10;Driver info: io.appium.java_client.android.AndroidDriver&#10;Capabilities {app: E:\laps.apk, appActivity: com.app.ui.activity.Welcome..., appPackage: com.huizheng.lasq, appWaitActivity: com.app.ui.activity.Welcome..., appWaitPackage: com.huizheng.lasq, databaseEnabled: false, desired: {app: E:\laps.apk, deviceName: DU2SSE148L041137, platformName: Android, platformVersion: 4.4.2, resetKeyboard: true, unicodeKeyboard: true}, deviceManufacturer: HUAWEI, deviceModel: H60-L01, deviceName: DU2SSE148L041137, deviceScreenSize: 1080x1920, deviceUDID: DU2SSE148L041137, javascriptEnabled: true, locationContextEnabled: false, networkConnectionEnabled: true, platform: LINUX, platformName: LINUX, platformVersion: 4.4.2, resetKeyboard: true, takesScreenshot: true, unicodeKeyboard: true, warnings: {}, webStorageEnabled: false}&#10;Session ID: 8d3871b1-5ebc-4c92-bd1d-fce6375a0ae4&#10;*** Element info: {Using=id, value=com.huizheng.lasq:id/id_topview}" type="org.openqa.selenium.NoSuchElementException">org.openqa.selenium.NoSuchElementException: 
An element could not be located on the page using the given search parameters. (WARNING: The server did not provide any stacktrace information)
Command duration or timeout: 0 milliseconds
For documentation on this error, please visit: http://seleniumhq.org/exceptions/no_such_element.html
Build info: version: '3.14.0', revision: 'aacccce0', time: '2018-08-02T20:19:58.91Z'
System info: host: 'SC-201512161950', ip: '192.168.123.41', os.name: 'Windows 10', os.arch: 'amd64', os.version: '10.0', java.version: '1.8.0_91'
Driver info: io.appium.java_client.android.AndroidDriver
Capabilities {app: E:\laps.apk, appActivity: com.app.ui.activity.Welcome..., appPackage: com.huizheng.lasq, appWaitActivity: com.app.ui.activity.Welcome..., appWaitPackage: com.huizheng.lasq, databaseEnabled: false, desired: {app: E:\laps.apk, deviceName: DU2SSE148L041137, platformName: Android, platformVersion: 4.4.2, resetKeyboard: true, unicodeKeyboard: true}, deviceManufacturer: HUAWEI, deviceModel: H60-L01, deviceName: DU2SSE148L041137, deviceScreenSize: 1080x1920, deviceUDID: DU2SSE148L041137, javascriptEnabled: true, locationContextEnabled: false, networkConnectionEnabled: true, platform: LINUX, platformName: LINUX, platformVersion: 4.4.2, resetKeyboard: true, takesScreenshot: true, unicodeKeyboard: true, warnings: {}, webStorageEnabled: false}
Session ID: 8d3871b1-5ebc-4c92-bd1d-fce6375a0ae4
*** Element info: {Using=id, value=com.huizheng.lasq:id/id_topview}
	at com.laps.testcase.testcase.checkWomenLogin3(testcase.java:275)
</failure>
    <system-out><![CDATA[GetScreenshot Successful   E:\LBS5.5.9\test-output\com.laps.testcase.testcasecheckWomenLogin3.jpg
]]></system-out>
  </testcase>
  <testcase name="checkWomenMore3" classname="com.laps.testcase.testcase" time="215.465">
    <failure message="Expected condition failed: waiting for element to be clickable: Proxy element for: DefaultElementLocator &apos;By.id: com.huizheng.lasq:id/more_button&apos; (tried for 60 second(s) with 500 MILLISECONDS interval)" type="org.openqa.selenium.TimeoutException">org.openqa.selenium.TimeoutException: Expected condition failed: waiting for element to be clickable: Proxy element for: DefaultElementLocator 'By.id: com.huizheng.lasq:id/more_button' (tried for 60 second(s) with 500 MILLISECONDS interval)
	at com.laps.testcase.testcase.checkWomenMore3(testcase.java:280)
Caused by: org.openqa.selenium.NoSuchElementException: 
An element could not be located on the page using the given search parameters. (WARNING: The server did not provide any stacktrace information)
Command duration or timeout: 0 milliseconds
For documentation on this error, please visit: http://seleniumhq.org/exceptions/no_such_element.html
Build info: version: '3.14.0', revision: 'aacccce0', time: '2018-08-02T20:19:58.91Z'
System info: host: 'SC-201512161950', ip: '192.168.123.41', os.name: 'Windows 10', os.arch: 'amd64', os.version: '10.0', java.version: '1.8.0_91'
Driver info: io.appium.java_client.android.AndroidDriver
Capabilities {app: E:\laps.apk, appActivity: com.app.ui.activity.Welcome..., appPackage: com.huizheng.lasq, appWaitActivity: com.app.ui.activity.Welcome..., appWaitPackage: com.huizheng.lasq, databaseEnabled: false, desired: {app: E:\laps.apk, deviceName: DU2SSE148L041137, platformName: Android, platformVersion: 4.4.2, resetKeyboard: true, unicodeKeyboard: true}, deviceManufacturer: HUAWEI, deviceModel: H60-L01, deviceName: DU2SSE148L041137, deviceScreenSize: 1080x1920, deviceUDID: DU2SSE148L041137, javascriptEnabled: true, locationContextEnabled: false, networkConnectionEnabled: true, platform: LINUX, platformName: LINUX, platformVersion: 4.4.2, resetKeyboard: true, takesScreenshot: true, unicodeKeyboard: true, warnings: {}, webStorageEnabled: false}
Session ID: 8d3871b1-5ebc-4c92-bd1d-fce6375a0ae4
*** Element info: {Using=id, value=com.huizheng.lasq:id/more_button}
	at com.laps.testcase.testcase.checkWomenMore3(testcase.java:280)
</failure>
    <system-out><![CDATA[GetScreenshot Successful   E:\LBS5.5.9\test-output\com.laps.testcase.testcasecheckWomenMore3.jpg
]]></system-out>
  </testcase>
  <testcase name="checkWomenAdvertisement3" classname="com.laps.testcase.testcase" time="151.096"/>
  <testcase name="checkWomenSayHi3" classname="com.laps.testcase.testcase" time="212.492"/>
  <testcase name="checkWomenMemberCenter3" classname="com.laps.testcase.testcase" time="117.852"/>
</testsuite>