<?xml version="1.0" encoding="UTF-8"?>
<testng-results skipped="0" failed="14" ignored="23" total="69" passed="32">
  <reporter-output>
  </reporter-output>
  <suite name="多名称" duration-ms="0" started-at="2019-01-22T09:06:06Z" finished-at="2019-01-22T09:06:06Z">
    <groups>
    </groups>
  </suite> <!-- 多名称 -->
  <suite name="恋爱普适" duration-ms="4936388" started-at="2019-01-22T07:43:49Z" finished-at="2019-01-22T09:06:05Z">
    <groups>
    </groups>
    <test name="恋爱普适" duration-ms="4936388" started-at="2019-01-22T07:43:49Z" finished-at="2019-01-22T09:06:05Z">
      <class name="com.laps.testcase.testcase">
        <test-method status="PASS" signature="getDriver(java.lang.String, java.lang.String)[pri:0, instance:com.laps.testcase.testcase@7113b13f]" name="getDriver" is-config="true" duration-ms="23180" started-at="2019-01-22T15:43:49Z" finished-at="2019-01-22T15:44:12Z">
          <params>
            <param index="0">
              <value>
                <![CDATA[DU2SSE148L041137]]>
              </value>
            </param>
            <param index="1">
              <value>
                <![CDATA[laps]]>
              </value>
            </param>
          </params>
          <reporter-output>
          </reporter-output>
        </test-method> <!-- getDriver -->
        <test-method status="PASS" signature="checkProtocol()[pri:0, instance:com.laps.testcase.testcase@7113b13f]" name="checkProtocol" duration-ms="8006" started-at="2019-01-22T15:44:12Z" description="注册协议" finished-at="2019-01-22T15:44:20Z">
          <reporter-output>
          </reporter-output>
        </test-method> <!-- checkProtocol -->
        <test-method status="PASS" signature="resetApp()[pri:0, instance:com.laps.testcase.testcase@7113b13f]" name="resetApp" is-config="true" duration-ms="4053" started-at="2019-01-22T15:44:20Z" finished-at="2019-01-22T15:44:24Z">
          <reporter-output>
          </reporter-output>
        </test-method> <!-- resetApp -->
        <test-method status="PASS" signature="checkManRegiste1()[pri:0, instance:com.laps.testcase.testcase@7113b13f]" name="checkManRegiste1" duration-ms="60250" started-at="2019-01-22T15:44:24Z" description="1线男注册" finished-at="2019-01-22T15:45:24Z">
          <reporter-output>
          </reporter-output>
        </test-method> <!-- checkManRegiste1 -->
        <test-method status="PASS" signature="resetApp()[pri:0, instance:com.laps.testcase.testcase@7113b13f]" name="resetApp" is-config="true" duration-ms="4112" started-at="2019-01-22T15:45:24Z" finished-at="2019-01-22T15:45:28Z">
          <reporter-output>
          </reporter-output>
        </test-method> <!-- resetApp -->
        <test-method status="FAIL" signature="checkSayHi1()[pri:0, instance:com.laps.testcase.testcase@7113b13f]" name="checkSayHi1" duration-ms="88769" started-at="2019-01-22T15:45:28Z" description="1线男缘分页打招呼" finished-at="2019-01-22T15:46:57Z">
          <exception class="java.lang.IndexOutOfBoundsException">
            <message>
              <![CDATA[Index: 0, Size: 0]]>
            </message>
            <full-stacktrace>
              <![CDATA[java.lang.IndexOutOfBoundsException: Index: 0, Size: 0
	at java.util.ArrayList.rangeCheck(ArrayList.java:653)
	at java.util.ArrayList.get(ArrayList.java:429)
	at sun.reflect.NativeMethodAccessorImpl.invoke0(Native Method)
	at sun.reflect.NativeMethodAccessorImpl.invoke(NativeMethodAccessorImpl.java:62)
	at sun.reflect.DelegatingMethodAccessorImpl.invoke(DelegatingMethodAccessorImpl.java:43)
	at java.lang.reflect.Method.invoke(Method.java:498)
	at org.openqa.selenium.support.pagefactory.internal.LocatingElementListHandler.invoke(LocatingElementListHandler.java:39)
	at com.sun.proxy.$Proxy11.get(Unknown Source)
	at com.laps.check.LAPSCheck.manSayHi1(LAPSCheck.java:136)
	at com.laps.testcase.testcase.checkSayHi1(testcase.java:31)
	at sun.reflect.NativeMethodAccessorImpl.invoke0(Native Method)
	at sun.reflect.NativeMethodAccessorImpl.invoke(NativeMethodAccessorImpl.java:62)
	at sun.reflect.DelegatingMethodAccessorImpl.invoke(DelegatingMethodAccessorImpl.java:43)
	at java.lang.reflect.Method.invoke(Method.java:498)
	at org.testng.internal.MethodInvocationHelper.invokeMethod(MethodInvocationHelper.java:108)
	at org.testng.internal.Invoker.invokeMethod(Invoker.java:661)
	at org.testng.internal.Invoker.invokeTestMethod(Invoker.java:869)
	at org.testng.internal.Invoker.invokeTestMethods(Invoker.java:1193)
	at org.testng.internal.TestMethodWorker.invokeTestMethods(TestMethodWorker.java:126)
	at org.testng.internal.TestMethodWorker.run(TestMethodWorker.java:109)
	at org.testng.TestRunner.privateRun(TestRunner.java:744)
	at org.testng.TestRunner.run(TestRunner.java:602)
	at org.testng.SuiteRunner.runTest(SuiteRunner.java:380)
	at org.testng.SuiteRunner.access$000(SuiteRunner.java:39)
	at org.testng.SuiteRunner$SuiteWorker.run(SuiteRunner.java:414)
	at org.testng.internal.thread.ThreadUtil$1.call(ThreadUtil.java:52)
	at java.util.concurrent.FutureTask.run(FutureTask.java:266)
	at java.util.concurrent.ThreadPoolExecutor.runWorker(ThreadPoolExecutor.java:1142)
	at java.util.concurrent.ThreadPoolExecutor$Worker.run(ThreadPoolExecutor.java:617)
	at java.lang.Thread.run(Thread.java:745)
]]>
            </full-stacktrace>
          </exception> <!-- java.lang.IndexOutOfBoundsException -->
          <reporter-output>
          </reporter-output>
        </test-method> <!-- checkSayHi1 -->
        <test-method status="PASS" signature="resetApp()[pri:0, instance:com.laps.testcase.testcase@7113b13f]" name="resetApp" is-config="true" duration-ms="4541" started-at="2019-01-22T15:47:03Z" finished-at="2019-01-22T15:47:07Z">
          <reporter-output>
          </reporter-output>
        </test-method> <!-- resetApp -->
        <test-method status="PASS" signature="checkSayHi3()[pri:0, instance:com.laps.testcase.testcase@7113b13f]" name="checkSayHi3" duration-ms="107281" started-at="2019-01-22T15:47:07Z" description="3线男缘分页打招呼" finished-at="2019-01-22T15:48:55Z">
          <reporter-output>
          </reporter-output>
        </test-method> <!-- checkSayHi3 -->
        <test-method status="PASS" signature="resetApp()[pri:0, instance:com.laps.testcase.testcase@7113b13f]" name="resetApp" is-config="true" duration-ms="4088" started-at="2019-01-22T15:48:55Z" finished-at="2019-01-22T15:48:59Z">
          <reporter-output>
          </reporter-output>
        </test-method> <!-- resetApp -->
        <test-method status="PASS" signature="checkConversation()[pri:0, instance:com.laps.testcase.testcase@7113b13f]" name="checkConversation" duration-ms="85773" started-at="2019-01-22T15:48:59Z" description="1线男 空间页关注" finished-at="2019-01-22T15:50:25Z">
          <reporter-output>
          </reporter-output>
        </test-method> <!-- checkConversation -->
        <test-method status="PASS" signature="resetApp()[pri:0, instance:com.laps.testcase.testcase@7113b13f]" name="resetApp" is-config="true" duration-ms="3852" started-at="2019-01-22T15:50:25Z" finished-at="2019-01-22T15:50:28Z">
          <reporter-output>
          </reporter-output>
        </test-method> <!-- resetApp -->
        <test-method status="PASS" signature="checkNotread()[pri:0, instance:com.laps.testcase.testcase@7113b13f]" name="checkNotread" duration-ms="96401" started-at="2019-01-22T15:50:28Z" description="1线男 空间页拉黑" finished-at="2019-01-22T15:52:05Z">
          <reporter-output>
          </reporter-output>
        </test-method> <!-- checkNotread -->
        <test-method status="PASS" signature="resetApp()[pri:0, instance:com.laps.testcase.testcase@7113b13f]" name="resetApp" is-config="true" duration-ms="3896" started-at="2019-01-22T15:52:05Z" finished-at="2019-01-22T15:52:09Z">
          <reporter-output>
          </reporter-output>
        </test-method> <!-- resetApp -->
        <test-method status="PASS" signature="checkUpgraded()[pri:0, instance:com.laps.testcase.testcase@7113b13f]" name="checkUpgraded" duration-ms="78622" started-at="2019-01-22T15:52:09Z" description="1线男 空间页举报" finished-at="2019-01-22T15:53:27Z">
          <reporter-output>
          </reporter-output>
        </test-method> <!-- checkUpgraded -->
        <test-method status="PASS" signature="resetApp()[pri:0, instance:com.laps.testcase.testcase@7113b13f]" name="resetApp" is-config="true" duration-ms="3990" started-at="2019-01-22T15:53:27Z" finished-at="2019-01-22T15:53:31Z">
          <reporter-output>
          </reporter-output>
        </test-method> <!-- resetApp -->
        <test-method status="FAIL" signature="checkAskbtn()[pri:0, instance:com.laps.testcase.testcase@7113b13f]" name="checkAskbtn" duration-ms="90155" started-at="2019-01-22T15:53:31Z" description="1线男 空间页打招呼" finished-at="2019-01-22T15:55:02Z">
          <exception class="java.lang.IndexOutOfBoundsException">
            <message>
              <![CDATA[Index: 0, Size: 0]]>
            </message>
            <full-stacktrace>
              <![CDATA[java.lang.IndexOutOfBoundsException: Index: 0, Size: 0
	at java.util.ArrayList.rangeCheck(ArrayList.java:653)
	at java.util.ArrayList.get(ArrayList.java:429)
	at sun.reflect.GeneratedMethodAccessor5.invoke(Unknown Source)
	at sun.reflect.DelegatingMethodAccessorImpl.invoke(DelegatingMethodAccessorImpl.java:43)
	at java.lang.reflect.Method.invoke(Method.java:498)
	at org.openqa.selenium.support.pagefactory.internal.LocatingElementListHandler.invoke(LocatingElementListHandler.java:39)
	at com.sun.proxy.$Proxy11.get(Unknown Source)
	at com.laps.check.LAPSCheck.askbtn(LAPSCheck.java:248)
	at com.laps.testcase.testcase.checkAskbtn(testcase.java:56)
	at sun.reflect.NativeMethodAccessorImpl.invoke0(Native Method)
	at sun.reflect.NativeMethodAccessorImpl.invoke(NativeMethodAccessorImpl.java:62)
	at sun.reflect.DelegatingMethodAccessorImpl.invoke(DelegatingMethodAccessorImpl.java:43)
	at java.lang.reflect.Method.invoke(Method.java:498)
	at org.testng.internal.MethodInvocationHelper.invokeMethod(MethodInvocationHelper.java:108)
	at org.testng.internal.Invoker.invokeMethod(Invoker.java:661)
	at org.testng.internal.Invoker.invokeTestMethod(Invoker.java:869)
	at org.testng.internal.Invoker.invokeTestMethods(Invoker.java:1193)
	at org.testng.internal.TestMethodWorker.invokeTestMethods(TestMethodWorker.java:126)
	at org.testng.internal.TestMethodWorker.run(TestMethodWorker.java:109)
	at org.testng.TestRunner.privateRun(TestRunner.java:744)
	at org.testng.TestRunner.run(TestRunner.java:602)
	at org.testng.SuiteRunner.runTest(SuiteRunner.java:380)
	at org.testng.SuiteRunner.access$000(SuiteRunner.java:39)
	at org.testng.SuiteRunner$SuiteWorker.run(SuiteRunner.java:414)
	at org.testng.internal.thread.ThreadUtil$1.call(ThreadUtil.java:52)
	at java.util.concurrent.FutureTask.run(FutureTask.java:266)
	at java.util.concurrent.ThreadPoolExecutor.runWorker(ThreadPoolExecutor.java:1142)
	at java.util.concurrent.ThreadPoolExecutor$Worker.run(ThreadPoolExecutor.java:617)
	at java.lang.Thread.run(Thread.java:745)
]]>
            </full-stacktrace>
          </exception> <!-- java.lang.IndexOutOfBoundsException -->
          <reporter-output>
          </reporter-output>
        </test-method> <!-- checkAskbtn -->
        <test-method status="PASS" signature="resetApp()[pri:0, instance:com.laps.testcase.testcase@7113b13f]" name="resetApp" is-config="true" duration-ms="3744" started-at="2019-01-22T15:55:07Z" finished-at="2019-01-22T15:55:10Z">
          <reporter-output>
          </reporter-output>
        </test-method> <!-- resetApp -->
        <test-method status="PASS" signature="checkOnlineStatus()[pri:0, instance:com.laps.testcase.testcase@7113b13f]" name="checkOnlineStatus" duration-ms="71255" started-at="2019-01-22T15:55:10Z" description="1线男 空间页在线状态" finished-at="2019-01-22T15:56:22Z">
          <reporter-output>
          </reporter-output>
        </test-method> <!-- checkOnlineStatus -->
        <test-method status="PASS" signature="resetApp()[pri:0, instance:com.laps.testcase.testcase@7113b13f]" name="resetApp" is-config="true" duration-ms="4265" started-at="2019-01-22T15:56:22Z" finished-at="2019-01-22T15:56:26Z">
          <reporter-output>
          </reporter-output>
        </test-method> <!-- resetApp -->
        <test-method status="PASS" signature="checkManOnlineStatus3()[pri:0, instance:com.laps.testcase.testcase@7113b13f]" name="checkManOnlineStatus3" duration-ms="75543" started-at="2019-01-22T15:56:26Z" description="3线男 空间页在线状态" finished-at="2019-01-22T15:57:42Z">
          <reporter-output>
          </reporter-output>
        </test-method> <!-- checkManOnlineStatus3 -->
        <test-method status="PASS" signature="resetApp()[pri:0, instance:com.laps.testcase.testcase@7113b13f]" name="resetApp" is-config="true" duration-ms="4124" started-at="2019-01-22T15:57:42Z" finished-at="2019-01-22T15:57:46Z">
          <reporter-output>
          </reporter-output>
        </test-method> <!-- resetApp -->
        <test-method status="PASS" signature="checkManVideo3()[pri:0, instance:com.laps.testcase.testcase@7113b13f]" name="checkManVideo3" duration-ms="87184" started-at="2019-01-22T15:57:46Z" description="3线男 空间页 查看视频" finished-at="2019-01-22T15:59:13Z">
          <reporter-output>
          </reporter-output>
        </test-method> <!-- checkManVideo3 -->
        <test-method status="PASS" signature="resetApp()[pri:0, instance:com.laps.testcase.testcase@7113b13f]" name="resetApp" is-config="true" duration-ms="4193" started-at="2019-01-22T15:59:13Z" finished-at="2019-01-22T15:59:17Z">
          <reporter-output>
          </reporter-output>
        </test-method> <!-- resetApp -->
        <test-method status="PASS" signature="checkManMore3()[pri:0, instance:com.laps.testcase.testcase@7113b13f]" name="checkManMore3" duration-ms="85511" started-at="2019-01-22T15:59:17Z" description="3线男 空间页 查看更多资料" finished-at="2019-01-22T16:00:43Z">
          <reporter-output>
          </reporter-output>
        </test-method> <!-- checkManMore3 -->
        <test-method status="PASS" signature="resetApp()[pri:0, instance:com.laps.testcase.testcase@7113b13f]" name="resetApp" is-config="true" duration-ms="4508" started-at="2019-01-22T16:00:43Z" finished-at="2019-01-22T16:00:47Z">
          <reporter-output>
          </reporter-output>
        </test-method> <!-- resetApp -->
        <test-method status="PASS" signature="checkManMore1()[pri:0, instance:com.laps.testcase.testcase@7113b13f]" name="checkManMore1" duration-ms="68397" started-at="2019-01-22T16:00:47Z" description="1线男 空间页 查看更多资料" finished-at="2019-01-22T16:01:55Z">
          <reporter-output>
          </reporter-output>
        </test-method> <!-- checkManMore1 -->
        <test-method status="PASS" signature="resetApp()[pri:0, instance:com.laps.testcase.testcase@7113b13f]" name="resetApp" is-config="true" duration-ms="4362" started-at="2019-01-22T16:01:55Z" finished-at="2019-01-22T16:02:00Z">
          <reporter-output>
          </reporter-output>
        </test-method> <!-- resetApp -->
        <test-method status="PASS" signature="checkVIPList()[pri:0, instance:com.laps.testcase.testcase@7113b13f]" name="checkVIPList" duration-ms="64723" started-at="2019-01-22T16:02:00Z" description="1线男 会员中心购买项" finished-at="2019-01-22T16:03:05Z">
          <reporter-output>
          </reporter-output>
        </test-method> <!-- checkVIPList -->
        <test-method status="PASS" signature="resetApp()[pri:0, instance:com.laps.testcase.testcase@7113b13f]" name="resetApp" is-config="true" duration-ms="4096" started-at="2019-01-22T16:03:05Z" finished-at="2019-01-22T16:03:09Z">
          <reporter-output>
          </reporter-output>
        </test-method> <!-- resetApp -->
        <test-method status="FAIL" signature="checkBeanList1()[pri:0, instance:com.laps.testcase.testcase@7113b13f]" name="checkBeanList1" duration-ms="131756" started-at="2019-01-22T16:03:09Z" description="1线男 会员中心--豆币价格列表及支付调起" finished-at="2019-01-22T16:05:20Z">
          <exception class="java.lang.AssertionError">
            <message>
              <![CDATA[800豆币，支付宝无自动续费]]>
            </message>
            <full-stacktrace>
              <![CDATA[java.lang.AssertionError: 800豆币，支付宝无自动续费
	at org.testng.Assert.fail(Assert.java:93)
	at com.laps.check.LAPSCheck.beanPrice1(LAPSCheck.java:1897)
	at com.laps.check.LAPSCheck.beanList1(LAPSCheck.java:1347)
	at com.laps.testcase.testcase.checkBeanList1(testcase.java:98)
	at sun.reflect.NativeMethodAccessorImpl.invoke0(Native Method)
	at sun.reflect.NativeMethodAccessorImpl.invoke(NativeMethodAccessorImpl.java:62)
	at sun.reflect.DelegatingMethodAccessorImpl.invoke(DelegatingMethodAccessorImpl.java:43)
	at java.lang.reflect.Method.invoke(Method.java:498)
	at org.testng.internal.MethodInvocationHelper.invokeMethod(MethodInvocationHelper.java:108)
	at org.testng.internal.Invoker.invokeMethod(Invoker.java:661)
	at org.testng.internal.Invoker.invokeTestMethod(Invoker.java:869)
	at org.testng.internal.Invoker.invokeTestMethods(Invoker.java:1193)
	at org.testng.internal.TestMethodWorker.invokeTestMethods(TestMethodWorker.java:126)
	at org.testng.internal.TestMethodWorker.run(TestMethodWorker.java:109)
	at org.testng.TestRunner.privateRun(TestRunner.java:744)
	at org.testng.TestRunner.run(TestRunner.java:602)
	at org.testng.SuiteRunner.runTest(SuiteRunner.java:380)
	at org.testng.SuiteRunner.access$000(SuiteRunner.java:39)
	at org.testng.SuiteRunner$SuiteWorker.run(SuiteRunner.java:414)
	at org.testng.internal.thread.ThreadUtil$1.call(ThreadUtil.java:52)
	at java.util.concurrent.FutureTask.run(FutureTask.java:266)
	at java.util.concurrent.ThreadPoolExecutor.runWorker(ThreadPoolExecutor.java:1142)
	at java.util.concurrent.ThreadPoolExecutor$Worker.run(ThreadPoolExecutor.java:617)
	at java.lang.Thread.run(Thread.java:745)
]]>
            </full-stacktrace>
          </exception> <!-- java.lang.AssertionError -->
          <reporter-output>
          </reporter-output>
        </test-method> <!-- checkBeanList1 -->
        <test-method status="PASS" signature="resetApp()[pri:0, instance:com.laps.testcase.testcase@7113b13f]" name="resetApp" is-config="true" duration-ms="3930" started-at="2019-01-22T16:05:24Z" finished-at="2019-01-22T16:05:28Z">
          <reporter-output>
          </reporter-output>
        </test-method> <!-- resetApp -->
        <test-method status="FAIL" signature="checkLetterList1()[pri:0, instance:com.laps.testcase.testcase@7113b13f]" name="checkLetterList1" duration-ms="132602" started-at="2019-01-22T16:05:28Z" description="1线男 会员中心--写信包月价格列表及支付调起" finished-at="2019-01-22T16:07:41Z">
          <exception class="java.lang.AssertionError">
            <message>
              <![CDATA[一线男，写信包月90天，支付宝无自动续费]]>
            </message>
            <full-stacktrace>
              <![CDATA[java.lang.AssertionError: 一线男，写信包月90天，支付宝无自动续费
	at org.testng.Assert.fail(Assert.java:93)
	at com.laps.check.LAPSCheck.letterPrice1(LAPSCheck.java:2150)
	at com.laps.check.LAPSCheck.letterList1(LAPSCheck.java:1365)
	at com.laps.testcase.testcase.checkLetterList1(testcase.java:103)
	at sun.reflect.NativeMethodAccessorImpl.invoke0(Native Method)
	at sun.reflect.NativeMethodAccessorImpl.invoke(NativeMethodAccessorImpl.java:62)
	at sun.reflect.DelegatingMethodAccessorImpl.invoke(DelegatingMethodAccessorImpl.java:43)
	at java.lang.reflect.Method.invoke(Method.java:498)
	at org.testng.internal.MethodInvocationHelper.invokeMethod(MethodInvocationHelper.java:108)
	at org.testng.internal.Invoker.invokeMethod(Invoker.java:661)
	at org.testng.internal.Invoker.invokeTestMethod(Invoker.java:869)
	at org.testng.internal.Invoker.invokeTestMethods(Invoker.java:1193)
	at org.testng.internal.TestMethodWorker.invokeTestMethods(TestMethodWorker.java:126)
	at org.testng.internal.TestMethodWorker.run(TestMethodWorker.java:109)
	at org.testng.TestRunner.privateRun(TestRunner.java:744)
	at org.testng.TestRunner.run(TestRunner.java:602)
	at org.testng.SuiteRunner.runTest(SuiteRunner.java:380)
	at org.testng.SuiteRunner.access$000(SuiteRunner.java:39)
	at org.testng.SuiteRunner$SuiteWorker.run(SuiteRunner.java:414)
	at org.testng.internal.thread.ThreadUtil$1.call(ThreadUtil.java:52)
	at java.util.concurrent.FutureTask.run(FutureTask.java:266)
	at java.util.concurrent.ThreadPoolExecutor.runWorker(ThreadPoolExecutor.java:1142)
	at java.util.concurrent.ThreadPoolExecutor$Worker.run(ThreadPoolExecutor.java:617)
	at java.lang.Thread.run(Thread.java:745)
]]>
            </full-stacktrace>
          </exception> <!-- java.lang.AssertionError -->
          <reporter-output>
          </reporter-output>
        </test-method> <!-- checkLetterList1 -->
        <test-method status="PASS" signature="resetApp()[pri:0, instance:com.laps.testcase.testcase@7113b13f]" name="resetApp" is-config="true" duration-ms="3962" started-at="2019-01-22T16:07:45Z" finished-at="2019-01-22T16:07:49Z">
          <reporter-output>
          </reporter-output>
        </test-method> <!-- resetApp -->
        <test-method status="FAIL" signature="checkVipList1()[pri:0, instance:com.laps.testcase.testcase@7113b13f]" name="checkVipList1" duration-ms="130784" started-at="2019-01-22T16:07:49Z" description="1线男 会员中心--星级服务价格列表及支付调起" finished-at="2019-01-22T16:09:59Z">
          <exception class="java.lang.AssertionError">
            <message>
              <![CDATA[90天vip，支付宝无自动续费]]>
            </message>
            <full-stacktrace>
              <![CDATA[java.lang.AssertionError: 90天vip，支付宝无自动续费
	at org.testng.Assert.fail(Assert.java:93)
	at com.laps.check.LAPSCheck.VipPrice1(LAPSCheck.java:2524)
	at com.laps.check.LAPSCheck.VipList1(LAPSCheck.java:1383)
	at com.laps.testcase.testcase.checkVipList1(testcase.java:108)
	at sun.reflect.NativeMethodAccessorImpl.invoke0(Native Method)
	at sun.reflect.NativeMethodAccessorImpl.invoke(NativeMethodAccessorImpl.java:62)
	at sun.reflect.DelegatingMethodAccessorImpl.invoke(DelegatingMethodAccessorImpl.java:43)
	at java.lang.reflect.Method.invoke(Method.java:498)
	at org.testng.internal.MethodInvocationHelper.invokeMethod(MethodInvocationHelper.java:108)
	at org.testng.internal.Invoker.invokeMethod(Invoker.java:661)
	at org.testng.internal.Invoker.invokeTestMethod(Invoker.java:869)
	at org.testng.internal.Invoker.invokeTestMethods(Invoker.java:1193)
	at org.testng.internal.TestMethodWorker.invokeTestMethods(TestMethodWorker.java:126)
	at org.testng.internal.TestMethodWorker.run(TestMethodWorker.java:109)
	at org.testng.TestRunner.privateRun(TestRunner.java:744)
	at org.testng.TestRunner.run(TestRunner.java:602)
	at org.testng.SuiteRunner.runTest(SuiteRunner.java:380)
	at org.testng.SuiteRunner.access$000(SuiteRunner.java:39)
	at org.testng.SuiteRunner$SuiteWorker.run(SuiteRunner.java:414)
	at org.testng.internal.thread.ThreadUtil$1.call(ThreadUtil.java:52)
	at java.util.concurrent.FutureTask.run(FutureTask.java:266)
	at java.util.concurrent.ThreadPoolExecutor.runWorker(ThreadPoolExecutor.java:1142)
	at java.util.concurrent.ThreadPoolExecutor$Worker.run(ThreadPoolExecutor.java:617)
	at java.lang.Thread.run(Thread.java:745)
]]>
            </full-stacktrace>
          </exception> <!-- java.lang.AssertionError -->
          <reporter-output>
          </reporter-output>
        </test-method> <!-- checkVipList1 -->
        <test-method status="PASS" signature="resetApp()[pri:0, instance:com.laps.testcase.testcase@7113b13f]" name="resetApp" is-config="true" duration-ms="4278" started-at="2019-01-22T16:10:03Z" finished-at="2019-01-22T16:10:08Z">
          <reporter-output>
          </reporter-output>
        </test-method> <!-- resetApp -->
        <test-method status="FAIL" signature="checkBeanList3()[pri:0, instance:com.laps.testcase.testcase@7113b13f]" name="checkBeanList3" duration-ms="106876" started-at="2019-01-22T16:10:08Z" description="3线男 会员中心--豆币价格列表及支付调起" finished-at="2019-01-22T16:11:55Z">
          <exception class="java.lang.AssertionError">
            <message>
              <![CDATA[3天vip0元购不存在]]>
            </message>
            <full-stacktrace>
              <![CDATA[java.lang.AssertionError: 3天vip0元购不存在
	at org.testng.Assert.fail(Assert.java:93)
	at com.laps.check.LAPSCheck.beanPrice3(LAPSCheck.java:1994)
	at com.laps.check.LAPSCheck.beanList3(LAPSCheck.java:1338)
	at com.laps.testcase.testcase.checkBeanList3(testcase.java:113)
	at sun.reflect.NativeMethodAccessorImpl.invoke0(Native Method)
	at sun.reflect.NativeMethodAccessorImpl.invoke(NativeMethodAccessorImpl.java:62)
	at sun.reflect.DelegatingMethodAccessorImpl.invoke(DelegatingMethodAccessorImpl.java:43)
	at java.lang.reflect.Method.invoke(Method.java:498)
	at org.testng.internal.MethodInvocationHelper.invokeMethod(MethodInvocationHelper.java:108)
	at org.testng.internal.Invoker.invokeMethod(Invoker.java:661)
	at org.testng.internal.Invoker.invokeTestMethod(Invoker.java:869)
	at org.testng.internal.Invoker.invokeTestMethods(Invoker.java:1193)
	at org.testng.internal.TestMethodWorker.invokeTestMethods(TestMethodWorker.java:126)
	at org.testng.internal.TestMethodWorker.run(TestMethodWorker.java:109)
	at org.testng.TestRunner.privateRun(TestRunner.java:744)
	at org.testng.TestRunner.run(TestRunner.java:602)
	at org.testng.SuiteRunner.runTest(SuiteRunner.java:380)
	at org.testng.SuiteRunner.access$000(SuiteRunner.java:39)
	at org.testng.SuiteRunner$SuiteWorker.run(SuiteRunner.java:414)
	at org.testng.internal.thread.ThreadUtil$1.call(ThreadUtil.java:52)
	at java.util.concurrent.FutureTask.run(FutureTask.java:266)
	at java.util.concurrent.ThreadPoolExecutor.runWorker(ThreadPoolExecutor.java:1142)
	at java.util.concurrent.ThreadPoolExecutor$Worker.run(ThreadPoolExecutor.java:617)
	at java.lang.Thread.run(Thread.java:745)
]]>
            </full-stacktrace>
          </exception> <!-- java.lang.AssertionError -->
          <reporter-output>
          </reporter-output>
        </test-method> <!-- checkBeanList3 -->
        <test-method status="PASS" signature="resetApp()[pri:0, instance:com.laps.testcase.testcase@7113b13f]" name="resetApp" is-config="true" duration-ms="4044" started-at="2019-01-22T16:11:59Z" finished-at="2019-01-22T16:12:03Z">
          <reporter-output>
          </reporter-output>
        </test-method> <!-- resetApp -->
        <test-method status="FAIL" signature="checkLetterList3()[pri:0, instance:com.laps.testcase.testcase@7113b13f]" name="checkLetterList3" duration-ms="105012" started-at="2019-01-22T16:12:03Z" description="3线男 会员中心--写信包月价格列表及支付调起" finished-at="2019-01-22T16:13:48Z">
          <exception class="java.lang.AssertionError">
            <message>
              <![CDATA[写信包月0元购不存在]]>
            </message>
            <full-stacktrace>
              <![CDATA[java.lang.AssertionError: 写信包月0元购不存在
	at org.testng.Assert.fail(Assert.java:93)
	at com.laps.check.LAPSCheck.letterPrice3(LAPSCheck.java:2309)
	at com.laps.check.LAPSCheck.letterList3(LAPSCheck.java:1356)
	at com.laps.testcase.testcase.checkLetterList3(testcase.java:118)
	at sun.reflect.NativeMethodAccessorImpl.invoke0(Native Method)
	at sun.reflect.NativeMethodAccessorImpl.invoke(NativeMethodAccessorImpl.java:62)
	at sun.reflect.DelegatingMethodAccessorImpl.invoke(DelegatingMethodAccessorImpl.java:43)
	at java.lang.reflect.Method.invoke(Method.java:498)
	at org.testng.internal.MethodInvocationHelper.invokeMethod(MethodInvocationHelper.java:108)
	at org.testng.internal.Invoker.invokeMethod(Invoker.java:661)
	at org.testng.internal.Invoker.invokeTestMethod(Invoker.java:869)
	at org.testng.internal.Invoker.invokeTestMethods(Invoker.java:1193)
	at org.testng.internal.TestMethodWorker.invokeTestMethods(TestMethodWorker.java:126)
	at org.testng.internal.TestMethodWorker.run(TestMethodWorker.java:109)
	at org.testng.TestRunner.privateRun(TestRunner.java:744)
	at org.testng.TestRunner.run(TestRunner.java:602)
	at org.testng.SuiteRunner.runTest(SuiteRunner.java:380)
	at org.testng.SuiteRunner.access$000(SuiteRunner.java:39)
	at org.testng.SuiteRunner$SuiteWorker.run(SuiteRunner.java:414)
	at org.testng.internal.thread.ThreadUtil$1.call(ThreadUtil.java:52)
	at java.util.concurrent.FutureTask.run(FutureTask.java:266)
	at java.util.concurrent.ThreadPoolExecutor.runWorker(ThreadPoolExecutor.java:1142)
	at java.util.concurrent.ThreadPoolExecutor$Worker.run(ThreadPoolExecutor.java:617)
	at java.lang.Thread.run(Thread.java:745)
]]>
            </full-stacktrace>
          </exception> <!-- java.lang.AssertionError -->
          <reporter-output>
          </reporter-output>
        </test-method> <!-- checkLetterList3 -->
        <test-method status="PASS" signature="resetApp()[pri:0, instance:com.laps.testcase.testcase@7113b13f]" name="resetApp" is-config="true" duration-ms="4064" started-at="2019-01-22T16:13:52Z" finished-at="2019-01-22T16:13:56Z">
          <reporter-output>
          </reporter-output>
        </test-method> <!-- resetApp -->
        <test-method status="FAIL" signature="checkVipList3()[pri:0, instance:com.laps.testcase.testcase@7113b13f]" name="checkVipList3" duration-ms="104891" started-at="2019-01-22T16:13:56Z" description="3线男 会员中心--星级服务价格列表及支付调起" finished-at="2019-01-22T16:15:41Z">
          <exception class="java.lang.AssertionError">
            <message>
              <![CDATA[签约领取vip新手礼包不存在]]>
            </message>
            <full-stacktrace>
              <![CDATA[java.lang.AssertionError: 签约领取vip新手礼包不存在
	at org.testng.Assert.fail(Assert.java:93)
	at com.laps.check.LAPSCheck.VipPrice3(LAPSCheck.java:2634)
	at com.laps.check.LAPSCheck.VipList3(LAPSCheck.java:1374)
	at com.laps.testcase.testcase.checkVipList3(testcase.java:123)
	at sun.reflect.NativeMethodAccessorImpl.invoke0(Native Method)
	at sun.reflect.NativeMethodAccessorImpl.invoke(NativeMethodAccessorImpl.java:62)
	at sun.reflect.DelegatingMethodAccessorImpl.invoke(DelegatingMethodAccessorImpl.java:43)
	at java.lang.reflect.Method.invoke(Method.java:498)
	at org.testng.internal.MethodInvocationHelper.invokeMethod(MethodInvocationHelper.java:108)
	at org.testng.internal.Invoker.invokeMethod(Invoker.java:661)
	at org.testng.internal.Invoker.invokeTestMethod(Invoker.java:869)
	at org.testng.internal.Invoker.invokeTestMethods(Invoker.java:1193)
	at org.testng.internal.TestMethodWorker.invokeTestMethods(TestMethodWorker.java:126)
	at org.testng.internal.TestMethodWorker.run(TestMethodWorker.java:109)
	at org.testng.TestRunner.privateRun(TestRunner.java:744)
	at org.testng.TestRunner.run(TestRunner.java:602)
	at org.testng.SuiteRunner.runTest(SuiteRunner.java:380)
	at org.testng.SuiteRunner.access$000(SuiteRunner.java:39)
	at org.testng.SuiteRunner$SuiteWorker.run(SuiteRunner.java:414)
	at org.testng.internal.thread.ThreadUtil$1.call(ThreadUtil.java:52)
	at java.util.concurrent.FutureTask.run(FutureTask.java:266)
	at java.util.concurrent.ThreadPoolExecutor.runWorker(ThreadPoolExecutor.java:1142)
	at java.util.concurrent.ThreadPoolExecutor$Worker.run(ThreadPoolExecutor.java:617)
	at java.lang.Thread.run(Thread.java:745)
]]>
            </full-stacktrace>
          </exception> <!-- java.lang.AssertionError -->
          <reporter-output>
          </reporter-output>
        </test-method> <!-- checkVipList3 -->
        <test-method status="PASS" signature="resetApp()[pri:0, instance:com.laps.testcase.testcase@7113b13f]" name="resetApp" is-config="true" duration-ms="4053" started-at="2019-01-22T16:15:47Z" finished-at="2019-01-22T16:15:51Z">
          <reporter-output>
          </reporter-output>
        </test-method> <!-- resetApp -->
        <test-method status="FAIL" signature="checkDuiDuiPeng()[pri:0, instance:com.laps.testcase.testcase@7113b13f]" name="checkDuiDuiPeng" duration-ms="96488" started-at="2019-01-22T16:15:51Z" description="3线男 对对碰，免密开通及支付引导" finished-at="2019-01-22T16:17:27Z">
          <exception class="java.lang.AssertionError">
            <message>
              <![CDATA[点击右下角“对对碰”，没有弹出 对对碰 对话框]]>
            </message>
            <full-stacktrace>
              <![CDATA[java.lang.AssertionError: 点击右下角“对对碰”，没有弹出 对对碰 对话框
	at org.testng.Assert.fail(Assert.java:93)
	at com.laps.check.LAPSCheck.duiDuiPeng3(LAPSCheck.java:1392)
	at com.laps.testcase.testcase.checkDuiDuiPeng(testcase.java:313)
	at sun.reflect.NativeMethodAccessorImpl.invoke0(Native Method)
	at sun.reflect.NativeMethodAccessorImpl.invoke(NativeMethodAccessorImpl.java:62)
	at sun.reflect.DelegatingMethodAccessorImpl.invoke(DelegatingMethodAccessorImpl.java:43)
	at java.lang.reflect.Method.invoke(Method.java:498)
	at org.testng.internal.MethodInvocationHelper.invokeMethod(MethodInvocationHelper.java:108)
	at org.testng.internal.Invoker.invokeMethod(Invoker.java:661)
	at org.testng.internal.Invoker.invokeTestMethod(Invoker.java:869)
	at org.testng.internal.Invoker.invokeTestMethods(Invoker.java:1193)
	at org.testng.internal.TestMethodWorker.invokeTestMethods(TestMethodWorker.java:126)
	at org.testng.internal.TestMethodWorker.run(TestMethodWorker.java:109)
	at org.testng.TestRunner.privateRun(TestRunner.java:744)
	at org.testng.TestRunner.run(TestRunner.java:602)
	at org.testng.SuiteRunner.runTest(SuiteRunner.java:380)
	at org.testng.SuiteRunner.access$000(SuiteRunner.java:39)
	at org.testng.SuiteRunner$SuiteWorker.run(SuiteRunner.java:414)
	at org.testng.internal.thread.ThreadUtil$1.call(ThreadUtil.java:52)
	at java.util.concurrent.FutureTask.run(FutureTask.java:266)
	at java.util.concurrent.ThreadPoolExecutor.runWorker(ThreadPoolExecutor.java:1142)
	at java.util.concurrent.ThreadPoolExecutor$Worker.run(ThreadPoolExecutor.java:617)
	at java.lang.Thread.run(Thread.java:745)
]]>
            </full-stacktrace>
          </exception> <!-- java.lang.AssertionError -->
          <reporter-output>
          </reporter-output>
        </test-method> <!-- checkDuiDuiPeng -->
        <test-method status="PASS" signature="resetApp()[pri:0, instance:com.laps.testcase.testcase@7113b13f]" name="resetApp" is-config="true" duration-ms="3783" started-at="2019-01-22T16:17:32Z" finished-at="2019-01-22T16:17:36Z">
          <reporter-output>
          </reporter-output>
        </test-method> <!-- resetApp -->
        <test-method status="PASS" signature="checkManNear1()[pri:0, instance:com.laps.testcase.testcase@7113b13f]" name="checkManNear1" duration-ms="110720" started-at="2019-01-22T16:17:36Z" description="1线男 附近人" finished-at="2019-01-22T16:19:27Z">
          <reporter-output>
          </reporter-output>
        </test-method> <!-- checkManNear1 -->
        <test-method status="PASS" signature="resetApp()[pri:0, instance:com.laps.testcase.testcase@7113b13f]" name="resetApp" is-config="true" duration-ms="3905" started-at="2019-01-22T16:19:27Z" finished-at="2019-01-22T16:19:31Z">
          <reporter-output>
          </reporter-output>
        </test-method> <!-- resetApp -->
        <test-method status="PASS" signature="checkAnswerQuestions1()[pri:0, instance:com.laps.testcase.testcase@7113b13f]" name="checkAnswerQuestions1" duration-ms="71980" started-at="2019-01-22T16:19:31Z" description="1线男 匹配问答" finished-at="2019-01-22T16:20:42Z">
          <reporter-output>
          </reporter-output>
        </test-method> <!-- checkAnswerQuestions1 -->
        <test-method status="PASS" signature="resetApp()[pri:0, instance:com.laps.testcase.testcase@7113b13f]" name="resetApp" is-config="true" duration-ms="4038" started-at="2019-01-22T16:20:42Z" finished-at="2019-01-22T16:20:47Z">
          <reporter-output>
          </reporter-output>
        </test-method> <!-- resetApp -->
        <test-method status="PASS" signature="checkAnswerQuestions3()[pri:0, instance:com.laps.testcase.testcase@7113b13f]" name="checkAnswerQuestions3" duration-ms="94147" started-at="2019-01-22T16:20:47Z" description="3线男 匹配问答" finished-at="2019-01-22T16:22:21Z">
          <reporter-output>
          </reporter-output>
        </test-method> <!-- checkAnswerQuestions3 -->
        <test-method status="PASS" signature="resetApp()[pri:0, instance:com.laps.testcase.testcase@7113b13f]" name="resetApp" is-config="true" duration-ms="4498" started-at="2019-01-22T16:22:21Z" finished-at="2019-01-22T16:22:25Z">
          <reporter-output>
          </reporter-output>
        </test-method> <!-- resetApp -->
        <test-method status="PASS" signature="checkMyPersonData1()[pri:0, instance:com.laps.testcase.testcase@7113b13f]" name="checkMyPersonData1" duration-ms="104640" started-at="2019-01-22T16:22:25Z" description="1线男 完善个人资料" finished-at="2019-01-22T16:24:10Z">
          <reporter-output>
          </reporter-output>
        </test-method> <!-- checkMyPersonData1 -->
        <test-method status="PASS" signature="resetApp()[pri:0, instance:com.laps.testcase.testcase@7113b13f]" name="resetApp" is-config="true" duration-ms="4366" started-at="2019-01-22T16:24:10Z" finished-at="2019-01-22T16:24:14Z">
          <reporter-output>
          </reporter-output>
        </test-method> <!-- resetApp -->
        <test-method status="PASS" signature="checkMyCondition1()[pri:0, instance:com.laps.testcase.testcase@7113b13f]" name="checkMyCondition1" duration-ms="122586" started-at="2019-01-22T16:24:14Z" description="1线男 征友条件" finished-at="2019-01-22T16:26:17Z">
          <reporter-output>
          </reporter-output>
        </test-method> <!-- checkMyCondition1 -->
        <test-method status="PASS" signature="resetApp()[pri:0, instance:com.laps.testcase.testcase@7113b13f]" name="resetApp" is-config="true" duration-ms="4419" started-at="2019-01-22T16:26:17Z" finished-at="2019-01-22T16:26:21Z">
          <reporter-output>
          </reporter-output>
        </test-method> <!-- resetApp -->
        <test-method status="FAIL" signature="checkMyTag1()[pri:0, instance:com.laps.testcase.testcase@7113b13f]" name="checkMyTag1" duration-ms="154827" started-at="2019-01-22T16:26:21Z" description="1线男 我的标签" finished-at="2019-01-22T16:28:56Z">
          <exception class="org.openqa.selenium.TimeoutException">
            <message>
              <![CDATA[Expected condition failed: waiting for element to be clickable: Proxy element for: DefaultElementLocator 'By.id: com.huizheng.lasq:id/body_item_9' (tried for 60 second(s) with 500 MILLISECONDS interval)]]>
            </message>
            <full-stacktrace>
              <![CDATA[org.openqa.selenium.TimeoutException: Expected condition failed: waiting for element to be clickable: Proxy element for: DefaultElementLocator 'By.id: com.huizheng.lasq:id/body_item_9' (tried for 60 second(s) with 500 MILLISECONDS interval)
	at org.openqa.selenium.support.ui.WebDriverWait.timeoutException(WebDriverWait.java:82)
	at org.openqa.selenium.support.ui.FluentWait.until(FluentWait.java:231)
	at com.laps.method.ElementMethod.waitElement(ElementMethod.java:1093)
	at com.laps.check.LAPSCheck.myTag1(LAPSCheck.java:890)
	at com.laps.testcase.testcase.checkMyTag1(testcase.java:149)
	at sun.reflect.NativeMethodAccessorImpl.invoke0(Native Method)
	at sun.reflect.NativeMethodAccessorImpl.invoke(NativeMethodAccessorImpl.java:62)
	at sun.reflect.DelegatingMethodAccessorImpl.invoke(DelegatingMethodAccessorImpl.java:43)
	at java.lang.reflect.Method.invoke(Method.java:498)
	at org.testng.internal.MethodInvocationHelper.invokeMethod(MethodInvocationHelper.java:108)
	at org.testng.internal.Invoker.invokeMethod(Invoker.java:661)
	at org.testng.internal.Invoker.invokeTestMethod(Invoker.java:869)
	at org.testng.internal.Invoker.invokeTestMethods(Invoker.java:1193)
	at org.testng.internal.TestMethodWorker.invokeTestMethods(TestMethodWorker.java:126)
	at org.testng.internal.TestMethodWorker.run(TestMethodWorker.java:109)
	at org.testng.TestRunner.privateRun(TestRunner.java:744)
	at org.testng.TestRunner.run(TestRunner.java:602)
	at org.testng.SuiteRunner.runTest(SuiteRunner.java:380)
	at org.testng.SuiteRunner.access$000(SuiteRunner.java:39)
	at org.testng.SuiteRunner$SuiteWorker.run(SuiteRunner.java:414)
	at org.testng.internal.thread.ThreadUtil$1.call(ThreadUtil.java:52)
	at java.util.concurrent.FutureTask.run(FutureTask.java:266)
	at java.util.concurrent.ThreadPoolExecutor.runWorker(ThreadPoolExecutor.java:1142)
	at java.util.concurrent.ThreadPoolExecutor$Worker.run(ThreadPoolExecutor.java:617)
	at java.lang.Thread.run(Thread.java:745)
Caused by: org.openqa.selenium.NoSuchElementException: An element could not be located on the page using the given search parameters. (WARNING: The server did not provide any stacktrace information)
Command duration or timeout: 0 milliseconds
For documentation on this error, please visit: http://seleniumhq.org/exceptions/no_such_element.html
Build info: version: '3.14.0', revision: 'aacccce0', time: '2018-08-02T20:19:58.91Z'
System info: host: 'SC-201512161950', ip: '192.168.123.41', os.name: 'Windows 10', os.arch: 'amd64', os.version: '10.0', java.version: '1.8.0_91'
Driver info: io.appium.java_client.android.AndroidDriver
Capabilities {app: E:\laps.apk, appActivity: com.app.ui.activity.Welcome..., appPackage: com.huizheng.lasq, appWaitActivity: com.app.ui.activity.Welcome..., appWaitPackage: com.huizheng.lasq, databaseEnabled: false, desired: {app: E:\laps.apk, deviceName: DU2SSE148L041137, platformName: Android, platformVersion: 4.4.2, resetKeyboard: true, unicodeKeyboard: true}, deviceManufacturer: HUAWEI, deviceModel: H60-L01, deviceName: DU2SSE148L041137, deviceScreenSize: 1080x1920, deviceUDID: DU2SSE148L041137, javascriptEnabled: true, locationContextEnabled: false, networkConnectionEnabled: true, platform: LINUX, platformName: LINUX, platformVersion: 4.4.2, resetKeyboard: true, takesScreenshot: true, unicodeKeyboard: true, warnings: {}, webStorageEnabled: false}
Session ID: 8d3871b1-5ebc-4c92-bd1d-fce6375a0ae4
*** Element info: {Using=id, value=com.huizheng.lasq:id/body_item_9}
	at sun.reflect.NativeConstructorAccessorImpl.newInstance0(Native Method)
	at sun.reflect.NativeConstructorAccessorImpl.newInstance(NativeConstructorAccessorImpl.java:62)
	at sun.reflect.DelegatingConstructorAccessorImpl.newInstance(DelegatingConstructorAccessorImpl.java:45)
	at java.lang.reflect.Constructor.newInstance(Constructor.java:423)
	at org.openqa.selenium.remote.ErrorHandler.createThrowable(ErrorHandler.java:214)
	at org.openqa.selenium.remote.ErrorHandler.throwIfResponseFailed(ErrorHandler.java:166)
	at org.openqa.selenium.remote.http.JsonHttpResponseCodec.reconstructValue(JsonHttpResponseCodec.java:40)
	at org.openqa.selenium.remote.http.AbstractHttpResponseCodec.decode(AbstractHttpResponseCodec.java:80)
	at org.openqa.selenium.remote.http.AbstractHttpResponseCodec.decode(AbstractHttpResponseCodec.java:44)
	at org.openqa.selenium.remote.HttpCommandExecutor.execute(HttpCommandExecutor.java:158)
	at io.appium.java_client.remote.AppiumCommandExecutor.execute(AppiumCommandExecutor.java:89)
	at org.openqa.selenium.remote.RemoteWebDriver.execute(RemoteWebDriver.java:548)
	at io.appium.java_client.DefaultGenericMobileDriver.execute(DefaultGenericMobileDriver.java:42)
	at io.appium.java_client.AppiumDriver.execute(AppiumDriver.java:1)
	at io.appium.java_client.android.AndroidDriver.execute(AndroidDriver.java:1)
	at org.openqa.selenium.remote.RemoteWebDriver.findElement(RemoteWebDriver.java:322)
	at io.appium.java_client.DefaultGenericMobileDriver.findElement(DefaultGenericMobileDriver.java:62)
	at io.appium.java_client.AppiumDriver.findElement(AppiumDriver.java:1)
	at io.appium.java_client.android.AndroidDriver.findElement(AndroidDriver.java:1)
	at org.openqa.selenium.remote.RemoteWebDriver.findElementById(RemoteWebDriver.java:368)
	at io.appium.java_client.DefaultGenericMobileDriver.findElementById(DefaultGenericMobileDriver.java:70)
	at io.appium.java_client.AppiumDriver.findElementById(AppiumDriver.java:1)
	at io.appium.java_client.android.AndroidDriver.findElementById(AndroidDriver.java:1)
	at org.openqa.selenium.By$ById.findElement(By.java:188)
	at org.openqa.selenium.remote.RemoteWebDriver.findElement(RemoteWebDriver.java:314)
	at io.appium.java_client.DefaultGenericMobileDriver.findElement(DefaultGenericMobileDriver.java:58)
	at io.appium.java_client.AppiumDriver.findElement(AppiumDriver.java:1)
	at io.appium.java_client.android.AndroidDriver.findElement(AndroidDriver.java:1)
	at org.openqa.selenium.support.pagefactory.DefaultElementLocator.findElement(DefaultElementLocator.java:69)
	at org.openqa.selenium.support.pagefactory.internal.LocatingElementHandler.invoke(LocatingElementHandler.java:38)
	at com.sun.proxy.$Proxy10.isDisplayed(Unknown Source)
	at org.openqa.selenium.support.ui.ExpectedConditions.elementIfVisible(ExpectedConditions.java:301)
	at org.openqa.selenium.support.ui.ExpectedConditions.access$100(ExpectedConditions.java:43)
	at org.openqa.selenium.support.ui.ExpectedConditions$10.apply(ExpectedConditions.java:287)
	at org.openqa.selenium.support.ui.ExpectedConditions$10.apply(ExpectedConditions.java:284)
	at org.openqa.selenium.support.ui.ExpectedConditions$23.apply(ExpectedConditions.java:672)
	at org.openqa.selenium.support.ui.ExpectedConditions$23.apply(ExpectedConditions.java:668)
	at org.openqa.selenium.support.ui.FluentWait.until(FluentWait.java:208)
	... 23 more
]]>
            </full-stacktrace>
          </exception> <!-- org.openqa.selenium.TimeoutException -->
          <reporter-output>
          </reporter-output>
        </test-method> <!-- checkMyTag1 -->
        <test-method status="PASS" signature="resetApp()[pri:0, instance:com.laps.testcase.testcase@7113b13f]" name="resetApp" is-config="true" duration-ms="3990" started-at="2019-01-22T16:28:59Z" finished-at="2019-01-22T16:29:03Z">
          <reporter-output>
          </reporter-output>
        </test-method> <!-- resetApp -->
        <test-method status="PASS" signature="checkMyIntroduction3()[pri:0, instance:com.laps.testcase.testcase@7113b13f]" name="checkMyIntroduction3" duration-ms="89397" started-at="2019-01-22T16:29:03Z" description="3线男 自我介绍" finished-at="2019-01-22T16:30:33Z">
          <reporter-output>
          </reporter-output>
        </test-method> <!-- checkMyIntroduction3 -->
        <test-method status="PASS" signature="resetApp()[pri:0, instance:com.laps.testcase.testcase@7113b13f]" name="resetApp" is-config="true" duration-ms="4087" started-at="2019-01-22T16:30:33Z" finished-at="2019-01-22T16:30:37Z">
          <reporter-output>
          </reporter-output>
        </test-method> <!-- resetApp -->
        <test-method status="PASS" signature="checkInitSearch()[pri:0, instance:com.laps.testcase.testcase@7113b13f]" name="checkInitSearch" duration-ms="66678" started-at="2019-01-22T16:30:37Z" description="1线男 搜索初始条件" finished-at="2019-01-22T16:31:44Z">
          <reporter-output>
          </reporter-output>
        </test-method> <!-- checkInitSearch -->
        <test-method status="PASS" signature="resetApp()[pri:0, instance:com.laps.testcase.testcase@7113b13f]" name="resetApp" is-config="true" duration-ms="4020" started-at="2019-01-22T16:31:44Z" finished-at="2019-01-22T16:31:48Z">
          <reporter-output>
          </reporter-output>
        </test-method> <!-- resetApp -->
        <test-method status="PASS" signature="checkSeachArea()[pri:0, instance:com.laps.testcase.testcase@7113b13f]" name="checkSeachArea" duration-ms="81247" started-at="2019-01-22T16:31:48Z" description="1线男 搜索城市" finished-at="2019-01-22T16:33:09Z">
          <reporter-output>
          </reporter-output>
        </test-method> <!-- checkSeachArea -->
        <test-method status="PASS" signature="resetApp()[pri:0, instance:com.laps.testcase.testcase@7113b13f]" name="resetApp" is-config="true" duration-ms="4144" started-at="2019-01-22T16:33:09Z" finished-at="2019-01-22T16:33:13Z">
          <reporter-output>
          </reporter-output>
        </test-method> <!-- resetApp -->
        <test-method status="PASS" signature="checkSeachAge()[pri:0, instance:com.laps.testcase.testcase@7113b13f]" name="checkSeachAge" duration-ms="136615" started-at="2019-01-22T16:33:13Z" description="1线男 搜索年龄" finished-at="2019-01-22T16:35:30Z">
          <reporter-output>
          </reporter-output>
        </test-method> <!-- checkSeachAge -->
        <test-method status="PASS" signature="resetApp()[pri:0, instance:com.laps.testcase.testcase@7113b13f]" name="resetApp" is-config="true" duration-ms="4011" started-at="2019-01-22T16:35:30Z" finished-at="2019-01-22T16:35:34Z">
          <reporter-output>
          </reporter-output>
        </test-method> <!-- resetApp -->
        <test-method status="PASS" signature="checkSeachHeight()[pri:0, instance:com.laps.testcase.testcase@7113b13f]" name="checkSeachHeight" duration-ms="117070" started-at="2019-01-22T16:35:34Z" description="1线男 搜索身高" finished-at="2019-01-22T16:37:31Z">
          <reporter-output>
          </reporter-output>
        </test-method> <!-- checkSeachHeight -->
        <test-method status="PASS" signature="resetApp()[pri:0, instance:com.laps.testcase.testcase@7113b13f]" name="resetApp" is-config="true" duration-ms="4073" started-at="2019-01-22T16:37:31Z" finished-at="2019-01-22T16:37:35Z">
          <reporter-output>
          </reporter-output>
        </test-method> <!-- resetApp -->
        <test-method status="PASS" signature="checkSeachAll()[pri:0, instance:com.laps.testcase.testcase@7113b13f]" name="checkSeachAll" duration-ms="133528" started-at="2019-01-22T16:37:35Z" description="1线男 搜索城市，年龄 身高" finished-at="2019-01-22T16:39:48Z">
          <reporter-output>
          </reporter-output>
        </test-method> <!-- checkSeachAll -->
        <test-method status="PASS" signature="resetApp()[pri:0, instance:com.laps.testcase.testcase@7113b13f]" name="resetApp" is-config="true" duration-ms="3947" started-at="2019-01-22T16:39:48Z" finished-at="2019-01-22T16:39:52Z">
          <reporter-output>
          </reporter-output>
        </test-method> <!-- resetApp -->
        <test-method status="PASS" signature="checkSeachHello()[pri:0, instance:com.laps.testcase.testcase@7113b13f]" name="checkSeachHello" duration-ms="104641" started-at="2019-01-22T16:39:52Z" description="1线男 搜索列表打招呼" finished-at="2019-01-22T16:41:37Z">
          <reporter-output>
          </reporter-output>
        </test-method> <!-- checkSeachHello -->
        <test-method status="PASS" signature="resetApp()[pri:0, instance:com.laps.testcase.testcase@7113b13f]" name="resetApp" is-config="true" duration-ms="4263" started-at="2019-01-22T16:41:37Z" finished-at="2019-01-22T16:41:41Z">
          <reporter-output>
          </reporter-output>
        </test-method> <!-- resetApp -->
        <test-method status="FAIL" signature="checkManTuiJian3()[pri:0, instance:com.laps.testcase.testcase@7113b13f]" name="checkManTuiJian3" duration-ms="103875" started-at="2019-01-22T16:41:41Z" description="3线男，推荐列表" finished-at="2019-01-22T16:43:25Z">
          <exception class="java.lang.AssertionError">
            <message>
              <![CDATA[空间中不存在“语音聊天”按钮]]>
            </message>
            <full-stacktrace>
              <![CDATA[java.lang.AssertionError: 空间中不存在“语音聊天”按钮
	at org.testng.Assert.fail(Assert.java:93)
	at com.laps.check.LAPSCheck.tuijian3(LAPSCheck.java:1135)
	at com.laps.testcase.testcase.checkManTuiJian3(testcase.java:200)
	at sun.reflect.NativeMethodAccessorImpl.invoke0(Native Method)
	at sun.reflect.NativeMethodAccessorImpl.invoke(NativeMethodAccessorImpl.java:62)
	at sun.reflect.DelegatingMethodAccessorImpl.invoke(DelegatingMethodAccessorImpl.java:43)
	at java.lang.reflect.Method.invoke(Method.java:498)
	at org.testng.internal.MethodInvocationHelper.invokeMethod(MethodInvocationHelper.java:108)
	at org.testng.internal.Invoker.invokeMethod(Invoker.java:661)
	at org.testng.internal.Invoker.invokeTestMethod(Invoker.java:869)
	at org.testng.internal.Invoker.invokeTestMethods(Invoker.java:1193)
	at org.testng.internal.TestMethodWorker.invokeTestMethods(TestMethodWorker.java:126)
	at org.testng.internal.TestMethodWorker.run(TestMethodWorker.java:109)
	at org.testng.TestRunner.privateRun(TestRunner.java:744)
	at org.testng.TestRunner.run(TestRunner.java:602)
	at org.testng.SuiteRunner.runTest(SuiteRunner.java:380)
	at org.testng.SuiteRunner.access$000(SuiteRunner.java:39)
	at org.testng.SuiteRunner$SuiteWorker.run(SuiteRunner.java:414)
	at org.testng.internal.thread.ThreadUtil$1.call(ThreadUtil.java:52)
	at java.util.concurrent.FutureTask.run(FutureTask.java:266)
	at java.util.concurrent.ThreadPoolExecutor.runWorker(ThreadPoolExecutor.java:1142)
	at java.util.concurrent.ThreadPoolExecutor$Worker.run(ThreadPoolExecutor.java:617)
	at java.lang.Thread.run(Thread.java:745)
]]>
            </full-stacktrace>
          </exception> <!-- java.lang.AssertionError -->
          <reporter-output>
          </reporter-output>
        </test-method> <!-- checkManTuiJian3 -->
        <test-method status="PASS" signature="resetApp()[pri:0, instance:com.laps.testcase.testcase@7113b13f]" name="resetApp" is-config="true" duration-ms="4163" started-at="2019-01-22T16:43:30Z" finished-at="2019-01-22T16:43:35Z">
          <reporter-output>
          </reporter-output>
        </test-method> <!-- resetApp -->
        <test-method status="PASS" signature="checkMailboxNum1()[pri:0, instance:com.laps.testcase.testcase@7113b13f]" name="checkMailboxNum1" duration-ms="67421" started-at="2019-01-22T16:43:35Z" description="1线男 邮件未读" finished-at="2019-01-22T16:44:42Z">
          <reporter-output>
          </reporter-output>
        </test-method> <!-- checkMailboxNum1 -->
        <test-method status="PASS" signature="resetApp()[pri:0, instance:com.laps.testcase.testcase@7113b13f]" name="resetApp" is-config="true" duration-ms="4141" started-at="2019-01-22T16:44:42Z" finished-at="2019-01-22T16:44:46Z">
          <reporter-output>
          </reporter-output>
        </test-method> <!-- resetApp -->
        <test-method status="PASS" signature="checkMailboxPersonData1()[pri:0, instance:com.laps.testcase.testcase@7113b13f]" name="checkMailboxPersonData1" duration-ms="65086" started-at="2019-01-22T16:44:46Z" description="1线男 邮件上方完善个人信息" finished-at="2019-01-22T16:45:51Z">
          <reporter-output>
          </reporter-output>
        </test-method> <!-- checkMailboxPersonData1 -->
        <test-method status="PASS" signature="resetApp()[pri:0, instance:com.laps.testcase.testcase@7113b13f]" name="resetApp" is-config="true" duration-ms="4093" started-at="2019-01-22T16:45:51Z" finished-at="2019-01-22T16:45:55Z">
          <reporter-output>
          </reporter-output>
        </test-method> <!-- resetApp -->
        <test-method status="PASS" signature="checkMailbox1()[pri:0, instance:com.laps.testcase.testcase@7113b13f]" name="checkMailbox1" duration-ms="65553" started-at="2019-01-22T16:45:55Z" description="1线男 信箱三项" finished-at="2019-01-22T16:47:01Z">
          <reporter-output>
          </reporter-output>
        </test-method> <!-- checkMailbox1 -->
        <test-method status="PASS" signature="resetApp()[pri:0, instance:com.laps.testcase.testcase@7113b13f]" name="resetApp" is-config="true" duration-ms="4104" started-at="2019-01-22T16:47:01Z" finished-at="2019-01-22T16:47:05Z">
          <reporter-output>
          </reporter-output>
        </test-method> <!-- resetApp -->
        <test-method status="PASS" signature="checkManMailboxZone3()[pri:0, instance:com.laps.testcase.testcase@7113b13f]" name="checkManMailboxZone3" duration-ms="85772" started-at="2019-01-22T16:47:05Z" description="3线男 信箱消息进入空间，索要联系方式" finished-at="2019-01-22T16:48:31Z">
          <reporter-output>
          </reporter-output>
        </test-method> <!-- checkManMailboxZone3 -->
        <test-method status="PASS" signature="resetApp()[pri:0, instance:com.laps.testcase.testcase@7113b13f]" name="resetApp" is-config="true" duration-ms="4273" started-at="2019-01-22T16:48:31Z" finished-at="2019-01-22T16:48:35Z">
          <reporter-output>
          </reporter-output>
        </test-method> <!-- resetApp -->
        <test-method status="PASS" signature="checkManMailboxZonePic3()[pri:0, instance:com.laps.testcase.testcase@7113b13f]" name="checkManMailboxZonePic3" duration-ms="76338" started-at="2019-01-22T16:48:35Z" description="3线男 信箱消息进入空间，查看多张照片" finished-at="2019-01-22T16:49:51Z">
          <reporter-output>
          </reporter-output>
        </test-method> <!-- checkManMailboxZonePic3 -->
        <test-method status="PASS" signature="resetApp()[pri:0, instance:com.laps.testcase.testcase@7113b13f]" name="resetApp" is-config="true" duration-ms="4363" started-at="2019-01-22T16:49:51Z" finished-at="2019-01-22T16:49:56Z">
          <reporter-output>
          </reporter-output>
        </test-method> <!-- resetApp -->
        <test-method status="FAIL" signature="checkWomenLogin1()[pri:0, instance:com.laps.testcase.testcase@7113b13f]" name="checkWomenLogin1" duration-ms="114700" started-at="2019-01-22T16:49:56Z" description="1线女 登录" finished-at="2019-01-22T16:51:51Z">
          <exception class="org.openqa.selenium.NoSuchElementException">
            <message>
              <![CDATA[An element could not be located on the page using the given search parameters. (WARNING: The server did not provide any stacktrace information)
Command duration or timeout: 0 milliseconds
For documentation on this error, please visit: http://seleniumhq.org/exceptions/no_such_element.html
Build info: version: '3.14.0', revision: 'aacccce0', time: '2018-08-02T20:19:58.91Z'
System info: host: 'SC-201512161950', ip: '192.168.123.41', os.name: 'Windows 10', os.arch: 'amd64', os.version: '10.0', java.version: '1.8.0_91'
Driver info: io.appium.java_client.android.AndroidDriver
Capabilities {app: E:\laps.apk, appActivity: com.app.ui.activity.Welcome..., appPackage: com.huizheng.lasq, appWaitActivity: com.app.ui.activity.Welcome..., appWaitPackage: com.huizheng.lasq, databaseEnabled: false, desired: {app: E:\laps.apk, deviceName: DU2SSE148L041137, platformName: Android, platformVersion: 4.4.2, resetKeyboard: true, unicodeKeyboard: true}, deviceManufacturer: HUAWEI, deviceModel: H60-L01, deviceName: DU2SSE148L041137, deviceScreenSize: 1080x1920, deviceUDID: DU2SSE148L041137, javascriptEnabled: true, locationContextEnabled: false, networkConnectionEnabled: true, platform: LINUX, platformName: LINUX, platformVersion: 4.4.2, resetKeyboard: true, takesScreenshot: true, unicodeKeyboard: true, warnings: {}, webStorageEnabled: false}
Session ID: 8d3871b1-5ebc-4c92-bd1d-fce6375a0ae4
*** Element info: {Using=id, value=com.huizheng.lasq:id/id_topview}]]>
            </message>
            <full-stacktrace>
              <![CDATA[org.openqa.selenium.NoSuchElementException: An element could not be located on the page using the given search parameters. (WARNING: The server did not provide any stacktrace information)
Command duration or timeout: 0 milliseconds
For documentation on this error, please visit: http://seleniumhq.org/exceptions/no_such_element.html
Build info: version: '3.14.0', revision: 'aacccce0', time: '2018-08-02T20:19:58.91Z'
System info: host: 'SC-201512161950', ip: '192.168.123.41', os.name: 'Windows 10', os.arch: 'amd64', os.version: '10.0', java.version: '1.8.0_91'
Driver info: io.appium.java_client.android.AndroidDriver
Capabilities {app: E:\laps.apk, appActivity: com.app.ui.activity.Welcome..., appPackage: com.huizheng.lasq, appWaitActivity: com.app.ui.activity.Welcome..., appWaitPackage: com.huizheng.lasq, databaseEnabled: false, desired: {app: E:\laps.apk, deviceName: DU2SSE148L041137, platformName: Android, platformVersion: 4.4.2, resetKeyboard: true, unicodeKeyboard: true}, deviceManufacturer: HUAWEI, deviceModel: H60-L01, deviceName: DU2SSE148L041137, deviceScreenSize: 1080x1920, deviceUDID: DU2SSE148L041137, javascriptEnabled: true, locationContextEnabled: false, networkConnectionEnabled: true, platform: LINUX, platformName: LINUX, platformVersion: 4.4.2, resetKeyboard: true, takesScreenshot: true, unicodeKeyboard: true, warnings: {}, webStorageEnabled: false}
Session ID: 8d3871b1-5ebc-4c92-bd1d-fce6375a0ae4
*** Element info: {Using=id, value=com.huizheng.lasq:id/id_topview}
	at sun.reflect.GeneratedConstructorAccessor17.newInstance(Unknown Source)
	at sun.reflect.DelegatingConstructorAccessorImpl.newInstance(DelegatingConstructorAccessorImpl.java:45)
	at java.lang.reflect.Constructor.newInstance(Constructor.java:423)
	at org.openqa.selenium.remote.ErrorHandler.createThrowable(ErrorHandler.java:214)
	at org.openqa.selenium.remote.ErrorHandler.throwIfResponseFailed(ErrorHandler.java:166)
	at org.openqa.selenium.remote.http.JsonHttpResponseCodec.reconstructValue(JsonHttpResponseCodec.java:40)
	at org.openqa.selenium.remote.http.AbstractHttpResponseCodec.decode(AbstractHttpResponseCodec.java:80)
	at org.openqa.selenium.remote.http.AbstractHttpResponseCodec.decode(AbstractHttpResponseCodec.java:44)
	at org.openqa.selenium.remote.HttpCommandExecutor.execute(HttpCommandExecutor.java:158)
	at io.appium.java_client.remote.AppiumCommandExecutor.execute(AppiumCommandExecutor.java:89)
	at org.openqa.selenium.remote.RemoteWebDriver.execute(RemoteWebDriver.java:548)
	at io.appium.java_client.DefaultGenericMobileDriver.execute(DefaultGenericMobileDriver.java:42)
	at io.appium.java_client.AppiumDriver.execute(AppiumDriver.java:1)
	at io.appium.java_client.android.AndroidDriver.execute(AndroidDriver.java:1)
	at org.openqa.selenium.remote.RemoteWebDriver.findElement(RemoteWebDriver.java:322)
	at io.appium.java_client.DefaultGenericMobileDriver.findElement(DefaultGenericMobileDriver.java:62)
	at io.appium.java_client.AppiumDriver.findElement(AppiumDriver.java:1)
	at io.appium.java_client.android.AndroidDriver.findElement(AndroidDriver.java:1)
	at org.openqa.selenium.remote.RemoteWebDriver.findElementById(RemoteWebDriver.java:368)
	at io.appium.java_client.DefaultGenericMobileDriver.findElementById(DefaultGenericMobileDriver.java:70)
	at io.appium.java_client.AppiumDriver.findElementById(AppiumDriver.java:1)
	at io.appium.java_client.android.AndroidDriver.findElementById(AndroidDriver.java:1)
	at org.openqa.selenium.By$ById.findElement(By.java:188)
	at org.openqa.selenium.remote.RemoteWebDriver.findElement(RemoteWebDriver.java:314)
	at io.appium.java_client.DefaultGenericMobileDriver.findElement(DefaultGenericMobileDriver.java:58)
	at io.appium.java_client.AppiumDriver.findElement(AppiumDriver.java:1)
	at io.appium.java_client.android.AndroidDriver.findElement(AndroidDriver.java:1)
	at org.openqa.selenium.support.pagefactory.DefaultElementLocator.findElement(DefaultElementLocator.java:69)
	at org.openqa.selenium.support.pagefactory.internal.LocatingElementHandler.invoke(LocatingElementHandler.java:38)
	at com.sun.proxy.$Proxy10.getText(Unknown Source)
	at com.laps.method.ElementMethod.getTopView(ElementMethod.java:33)
	at com.laps.check.LAPSCheck.womanLogin1(LAPSCheck.java:2945)
	at com.laps.testcase.testcase.checkWomenLogin1(testcase.java:270)
	at sun.reflect.NativeMethodAccessorImpl.invoke0(Native Method)
	at sun.reflect.NativeMethodAccessorImpl.invoke(NativeMethodAccessorImpl.java:62)
	at sun.reflect.DelegatingMethodAccessorImpl.invoke(DelegatingMethodAccessorImpl.java:43)
	at java.lang.reflect.Method.invoke(Method.java:498)
	at org.testng.internal.MethodInvocationHelper.invokeMethod(MethodInvocationHelper.java:108)
	at org.testng.internal.Invoker.invokeMethod(Invoker.java:661)
	at org.testng.internal.Invoker.invokeTestMethod(Invoker.java:869)
	at org.testng.internal.Invoker.invokeTestMethods(Invoker.java:1193)
	at org.testng.internal.TestMethodWorker.invokeTestMethods(TestMethodWorker.java:126)
	at org.testng.internal.TestMethodWorker.run(TestMethodWorker.java:109)
	at org.testng.TestRunner.privateRun(TestRunner.java:744)
	at org.testng.TestRunner.run(TestRunner.java:602)
	at org.testng.SuiteRunner.runTest(SuiteRunner.java:380)
	at org.testng.SuiteRunner.access$000(SuiteRunner.java:39)
	at org.testng.SuiteRunner$SuiteWorker.run(SuiteRunner.java:414)
	at org.testng.internal.thread.ThreadUtil$1.call(ThreadUtil.java:52)
	at java.util.concurrent.FutureTask.run(FutureTask.java:266)
	at java.util.concurrent.ThreadPoolExecutor.runWorker(ThreadPoolExecutor.java:1142)
	at java.util.concurrent.ThreadPoolExecutor$Worker.run(ThreadPoolExecutor.java:617)
	at java.lang.Thread.run(Thread.java:745)
]]>
            </full-stacktrace>
          </exception> <!-- org.openqa.selenium.NoSuchElementException -->
          <reporter-output>
          </reporter-output>
        </test-method> <!-- checkWomenLogin1 -->
        <test-method status="PASS" signature="resetApp()[pri:0, instance:com.laps.testcase.testcase@7113b13f]" name="resetApp" is-config="true" duration-ms="4005" started-at="2019-01-22T16:51:56Z" finished-at="2019-01-22T16:52:00Z">
          <reporter-output>
          </reporter-output>
        </test-method> <!-- resetApp -->
        <test-method status="FAIL" signature="checkWomenLogin3()[pri:0, instance:com.laps.testcase.testcase@7113b13f]" name="checkWomenLogin3" duration-ms="118673" started-at="2019-01-22T16:52:00Z" description="3线女 登录" finished-at="2019-01-22T16:53:59Z">
          <exception class="org.openqa.selenium.NoSuchElementException">
            <message>
              <![CDATA[An element could not be located on the page using the given search parameters. (WARNING: The server did not provide any stacktrace information)
Command duration or timeout: 0 milliseconds
For documentation on this error, please visit: http://seleniumhq.org/exceptions/no_such_element.html
Build info: version: '3.14.0', revision: 'aacccce0', time: '2018-08-02T20:19:58.91Z'
System info: host: 'SC-201512161950', ip: '192.168.123.41', os.name: 'Windows 10', os.arch: 'amd64', os.version: '10.0', java.version: '1.8.0_91'
Driver info: io.appium.java_client.android.AndroidDriver
Capabilities {app: E:\laps.apk, appActivity: com.app.ui.activity.Welcome..., appPackage: com.huizheng.lasq, appWaitActivity: com.app.ui.activity.Welcome..., appWaitPackage: com.huizheng.lasq, databaseEnabled: false, desired: {app: E:\laps.apk, deviceName: DU2SSE148L041137, platformName: Android, platformVersion: 4.4.2, resetKeyboard: true, unicodeKeyboard: true}, deviceManufacturer: HUAWEI, deviceModel: H60-L01, deviceName: DU2SSE148L041137, deviceScreenSize: 1080x1920, deviceUDID: DU2SSE148L041137, javascriptEnabled: true, locationContextEnabled: false, networkConnectionEnabled: true, platform: LINUX, platformName: LINUX, platformVersion: 4.4.2, resetKeyboard: true, takesScreenshot: true, unicodeKeyboard: true, warnings: {}, webStorageEnabled: false}
Session ID: 8d3871b1-5ebc-4c92-bd1d-fce6375a0ae4
*** Element info: {Using=id, value=com.huizheng.lasq:id/id_topview}]]>
            </message>
            <full-stacktrace>
              <![CDATA[org.openqa.selenium.NoSuchElementException: An element could not be located on the page using the given search parameters. (WARNING: The server did not provide any stacktrace information)
Command duration or timeout: 0 milliseconds
For documentation on this error, please visit: http://seleniumhq.org/exceptions/no_such_element.html
Build info: version: '3.14.0', revision: 'aacccce0', time: '2018-08-02T20:19:58.91Z'
System info: host: 'SC-201512161950', ip: '192.168.123.41', os.name: 'Windows 10', os.arch: 'amd64', os.version: '10.0', java.version: '1.8.0_91'
Driver info: io.appium.java_client.android.AndroidDriver
Capabilities {app: E:\laps.apk, appActivity: com.app.ui.activity.Welcome..., appPackage: com.huizheng.lasq, appWaitActivity: com.app.ui.activity.Welcome..., appWaitPackage: com.huizheng.lasq, databaseEnabled: false, desired: {app: E:\laps.apk, deviceName: DU2SSE148L041137, platformName: Android, platformVersion: 4.4.2, resetKeyboard: true, unicodeKeyboard: true}, deviceManufacturer: HUAWEI, deviceModel: H60-L01, deviceName: DU2SSE148L041137, deviceScreenSize: 1080x1920, deviceUDID: DU2SSE148L041137, javascriptEnabled: true, locationContextEnabled: false, networkConnectionEnabled: true, platform: LINUX, platformName: LINUX, platformVersion: 4.4.2, resetKeyboard: true, takesScreenshot: true, unicodeKeyboard: true, warnings: {}, webStorageEnabled: false}
Session ID: 8d3871b1-5ebc-4c92-bd1d-fce6375a0ae4
*** Element info: {Using=id, value=com.huizheng.lasq:id/id_topview}
	at sun.reflect.GeneratedConstructorAccessor17.newInstance(Unknown Source)
	at sun.reflect.DelegatingConstructorAccessorImpl.newInstance(DelegatingConstructorAccessorImpl.java:45)
	at java.lang.reflect.Constructor.newInstance(Constructor.java:423)
	at org.openqa.selenium.remote.ErrorHandler.createThrowable(ErrorHandler.java:214)
	at org.openqa.selenium.remote.ErrorHandler.throwIfResponseFailed(ErrorHandler.java:166)
	at org.openqa.selenium.remote.http.JsonHttpResponseCodec.reconstructValue(JsonHttpResponseCodec.java:40)
	at org.openqa.selenium.remote.http.AbstractHttpResponseCodec.decode(AbstractHttpResponseCodec.java:80)
	at org.openqa.selenium.remote.http.AbstractHttpResponseCodec.decode(AbstractHttpResponseCodec.java:44)
	at org.openqa.selenium.remote.HttpCommandExecutor.execute(HttpCommandExecutor.java:158)
	at io.appium.java_client.remote.AppiumCommandExecutor.execute(AppiumCommandExecutor.java:89)
	at org.openqa.selenium.remote.RemoteWebDriver.execute(RemoteWebDriver.java:548)
	at io.appium.java_client.DefaultGenericMobileDriver.execute(DefaultGenericMobileDriver.java:42)
	at io.appium.java_client.AppiumDriver.execute(AppiumDriver.java:1)
	at io.appium.java_client.android.AndroidDriver.execute(AndroidDriver.java:1)
	at org.openqa.selenium.remote.RemoteWebDriver.findElement(RemoteWebDriver.java:322)
	at io.appium.java_client.DefaultGenericMobileDriver.findElement(DefaultGenericMobileDriver.java:62)
	at io.appium.java_client.AppiumDriver.findElement(AppiumDriver.java:1)
	at io.appium.java_client.android.AndroidDriver.findElement(AndroidDriver.java:1)
	at org.openqa.selenium.remote.RemoteWebDriver.findElementById(RemoteWebDriver.java:368)
	at io.appium.java_client.DefaultGenericMobileDriver.findElementById(DefaultGenericMobileDriver.java:70)
	at io.appium.java_client.AppiumDriver.findElementById(AppiumDriver.java:1)
	at io.appium.java_client.android.AndroidDriver.findElementById(AndroidDriver.java:1)
	at org.openqa.selenium.By$ById.findElement(By.java:188)
	at org.openqa.selenium.remote.RemoteWebDriver.findElement(RemoteWebDriver.java:314)
	at io.appium.java_client.DefaultGenericMobileDriver.findElement(DefaultGenericMobileDriver.java:58)
	at io.appium.java_client.AppiumDriver.findElement(AppiumDriver.java:1)
	at io.appium.java_client.android.AndroidDriver.findElement(AndroidDriver.java:1)
	at org.openqa.selenium.support.pagefactory.DefaultElementLocator.findElement(DefaultElementLocator.java:69)
	at org.openqa.selenium.support.pagefactory.internal.LocatingElementHandler.invoke(LocatingElementHandler.java:38)
	at com.sun.proxy.$Proxy10.getText(Unknown Source)
	at com.laps.method.ElementMethod.getTopView(ElementMethod.java:33)
	at com.laps.check.LAPSCheck.womanLogin3(LAPSCheck.java:2973)
	at com.laps.testcase.testcase.checkWomenLogin3(testcase.java:275)
	at sun.reflect.NativeMethodAccessorImpl.invoke0(Native Method)
	at sun.reflect.NativeMethodAccessorImpl.invoke(NativeMethodAccessorImpl.java:62)
	at sun.reflect.DelegatingMethodAccessorImpl.invoke(DelegatingMethodAccessorImpl.java:43)
	at java.lang.reflect.Method.invoke(Method.java:498)
	at org.testng.internal.MethodInvocationHelper.invokeMethod(MethodInvocationHelper.java:108)
	at org.testng.internal.Invoker.invokeMethod(Invoker.java:661)
	at org.testng.internal.Invoker.invokeTestMethod(Invoker.java:869)
	at org.testng.internal.Invoker.invokeTestMethods(Invoker.java:1193)
	at org.testng.internal.TestMethodWorker.invokeTestMethods(TestMethodWorker.java:126)
	at org.testng.internal.TestMethodWorker.run(TestMethodWorker.java:109)
	at org.testng.TestRunner.privateRun(TestRunner.java:744)
	at org.testng.TestRunner.run(TestRunner.java:602)
	at org.testng.SuiteRunner.runTest(SuiteRunner.java:380)
	at org.testng.SuiteRunner.access$000(SuiteRunner.java:39)
	at org.testng.SuiteRunner$SuiteWorker.run(SuiteRunner.java:414)
	at org.testng.internal.thread.ThreadUtil$1.call(ThreadUtil.java:52)
	at java.util.concurrent.FutureTask.run(FutureTask.java:266)
	at java.util.concurrent.ThreadPoolExecutor.runWorker(ThreadPoolExecutor.java:1142)
	at java.util.concurrent.ThreadPoolExecutor$Worker.run(ThreadPoolExecutor.java:617)
	at java.lang.Thread.run(Thread.java:745)
]]>
            </full-stacktrace>
          </exception> <!-- org.openqa.selenium.NoSuchElementException -->
          <reporter-output>
          </reporter-output>
        </test-method> <!-- checkWomenLogin3 -->
        <test-method status="PASS" signature="resetApp()[pri:0, instance:com.laps.testcase.testcase@7113b13f]" name="resetApp" is-config="true" duration-ms="3613" started-at="2019-01-22T16:54:04Z" finished-at="2019-01-22T16:54:08Z">
          <reporter-output>
          </reporter-output>
        </test-method> <!-- resetApp -->
        <test-method status="FAIL" signature="checkWomenMore3()[pri:0, instance:com.laps.testcase.testcase@7113b13f]" name="checkWomenMore3" duration-ms="211492" started-at="2019-01-22T16:54:08Z" description="3线女 查看更多资料，无付款入口" finished-at="2019-01-22T16:57:39Z">
          <exception class="org.openqa.selenium.TimeoutException">
            <message>
              <![CDATA[Expected condition failed: waiting for element to be clickable: Proxy element for: DefaultElementLocator 'By.id: com.huizheng.lasq:id/more_button' (tried for 60 second(s) with 500 MILLISECONDS interval)]]>
            </message>
            <full-stacktrace>
              <![CDATA[org.openqa.selenium.TimeoutException: Expected condition failed: waiting for element to be clickable: Proxy element for: DefaultElementLocator 'By.id: com.huizheng.lasq:id/more_button' (tried for 60 second(s) with 500 MILLISECONDS interval)
	at org.openqa.selenium.support.ui.WebDriverWait.timeoutException(WebDriverWait.java:82)
	at org.openqa.selenium.support.ui.FluentWait.until(FluentWait.java:231)
	at com.laps.method.ElementMethod.waitElement(ElementMethod.java:1093)
	at com.laps.check.LAPSCheck.womanMore3(LAPSCheck.java:2993)
	at com.laps.testcase.testcase.checkWomenMore3(testcase.java:280)
	at sun.reflect.NativeMethodAccessorImpl.invoke0(Native Method)
	at sun.reflect.NativeMethodAccessorImpl.invoke(NativeMethodAccessorImpl.java:62)
	at sun.reflect.DelegatingMethodAccessorImpl.invoke(DelegatingMethodAccessorImpl.java:43)
	at java.lang.reflect.Method.invoke(Method.java:498)
	at org.testng.internal.MethodInvocationHelper.invokeMethod(MethodInvocationHelper.java:108)
	at org.testng.internal.Invoker.invokeMethod(Invoker.java:661)
	at org.testng.internal.Invoker.invokeTestMethod(Invoker.java:869)
	at org.testng.internal.Invoker.invokeTestMethods(Invoker.java:1193)
	at org.testng.internal.TestMethodWorker.invokeTestMethods(TestMethodWorker.java:126)
	at org.testng.internal.TestMethodWorker.run(TestMethodWorker.java:109)
	at org.testng.TestRunner.privateRun(TestRunner.java:744)
	at org.testng.TestRunner.run(TestRunner.java:602)
	at org.testng.SuiteRunner.runTest(SuiteRunner.java:380)
	at org.testng.SuiteRunner.access$000(SuiteRunner.java:39)
	at org.testng.SuiteRunner$SuiteWorker.run(SuiteRunner.java:414)
	at org.testng.internal.thread.ThreadUtil$1.call(ThreadUtil.java:52)
	at java.util.concurrent.FutureTask.run(FutureTask.java:266)
	at java.util.concurrent.ThreadPoolExecutor.runWorker(ThreadPoolExecutor.java:1142)
	at java.util.concurrent.ThreadPoolExecutor$Worker.run(ThreadPoolExecutor.java:617)
	at java.lang.Thread.run(Thread.java:745)
Caused by: org.openqa.selenium.NoSuchElementException: An element could not be located on the page using the given search parameters. (WARNING: The server did not provide any stacktrace information)
Command duration or timeout: 0 milliseconds
For documentation on this error, please visit: http://seleniumhq.org/exceptions/no_such_element.html
Build info: version: '3.14.0', revision: 'aacccce0', time: '2018-08-02T20:19:58.91Z'
System info: host: 'SC-201512161950', ip: '192.168.123.41', os.name: 'Windows 10', os.arch: 'amd64', os.version: '10.0', java.version: '1.8.0_91'
Driver info: io.appium.java_client.android.AndroidDriver
Capabilities {app: E:\laps.apk, appActivity: com.app.ui.activity.Welcome..., appPackage: com.huizheng.lasq, appWaitActivity: com.app.ui.activity.Welcome..., appWaitPackage: com.huizheng.lasq, databaseEnabled: false, desired: {app: E:\laps.apk, deviceName: DU2SSE148L041137, platformName: Android, platformVersion: 4.4.2, resetKeyboard: true, unicodeKeyboard: true}, deviceManufacturer: HUAWEI, deviceModel: H60-L01, deviceName: DU2SSE148L041137, deviceScreenSize: 1080x1920, deviceUDID: DU2SSE148L041137, javascriptEnabled: true, locationContextEnabled: false, networkConnectionEnabled: true, platform: LINUX, platformName: LINUX, platformVersion: 4.4.2, resetKeyboard: true, takesScreenshot: true, unicodeKeyboard: true, warnings: {}, webStorageEnabled: false}
Session ID: 8d3871b1-5ebc-4c92-bd1d-fce6375a0ae4
*** Element info: {Using=id, value=com.huizheng.lasq:id/more_button}
	at sun.reflect.GeneratedConstructorAccessor17.newInstance(Unknown Source)
	at sun.reflect.DelegatingConstructorAccessorImpl.newInstance(DelegatingConstructorAccessorImpl.java:45)
	at java.lang.reflect.Constructor.newInstance(Constructor.java:423)
	at org.openqa.selenium.remote.ErrorHandler.createThrowable(ErrorHandler.java:214)
	at org.openqa.selenium.remote.ErrorHandler.throwIfResponseFailed(ErrorHandler.java:166)
	at org.openqa.selenium.remote.http.JsonHttpResponseCodec.reconstructValue(JsonHttpResponseCodec.java:40)
	at org.openqa.selenium.remote.http.AbstractHttpResponseCodec.decode(AbstractHttpResponseCodec.java:80)
	at org.openqa.selenium.remote.http.AbstractHttpResponseCodec.decode(AbstractHttpResponseCodec.java:44)
	at org.openqa.selenium.remote.HttpCommandExecutor.execute(HttpCommandExecutor.java:158)
	at io.appium.java_client.remote.AppiumCommandExecutor.execute(AppiumCommandExecutor.java:89)
	at org.openqa.selenium.remote.RemoteWebDriver.execute(RemoteWebDriver.java:548)
	at io.appium.java_client.DefaultGenericMobileDriver.execute(DefaultGenericMobileDriver.java:42)
	at io.appium.java_client.AppiumDriver.execute(AppiumDriver.java:1)
	at io.appium.java_client.android.AndroidDriver.execute(AndroidDriver.java:1)
	at org.openqa.selenium.remote.RemoteWebDriver.findElement(RemoteWebDriver.java:322)
	at io.appium.java_client.DefaultGenericMobileDriver.findElement(DefaultGenericMobileDriver.java:62)
	at io.appium.java_client.AppiumDriver.findElement(AppiumDriver.java:1)
	at io.appium.java_client.android.AndroidDriver.findElement(AndroidDriver.java:1)
	at org.openqa.selenium.remote.RemoteWebDriver.findElementById(RemoteWebDriver.java:368)
	at io.appium.java_client.DefaultGenericMobileDriver.findElementById(DefaultGenericMobileDriver.java:70)
	at io.appium.java_client.AppiumDriver.findElementById(AppiumDriver.java:1)
	at io.appium.java_client.android.AndroidDriver.findElementById(AndroidDriver.java:1)
	at org.openqa.selenium.By$ById.findElement(By.java:188)
	at org.openqa.selenium.remote.RemoteWebDriver.findElement(RemoteWebDriver.java:314)
	at io.appium.java_client.DefaultGenericMobileDriver.findElement(DefaultGenericMobileDriver.java:58)
	at io.appium.java_client.AppiumDriver.findElement(AppiumDriver.java:1)
	at io.appium.java_client.android.AndroidDriver.findElement(AndroidDriver.java:1)
	at org.openqa.selenium.support.pagefactory.DefaultElementLocator.findElement(DefaultElementLocator.java:69)
	at org.openqa.selenium.support.pagefactory.internal.LocatingElementHandler.invoke(LocatingElementHandler.java:38)
	at com.sun.proxy.$Proxy10.isDisplayed(Unknown Source)
	at org.openqa.selenium.support.ui.ExpectedConditions.elementIfVisible(ExpectedConditions.java:301)
	at org.openqa.selenium.support.ui.ExpectedConditions.access$100(ExpectedConditions.java:43)
	at org.openqa.selenium.support.ui.ExpectedConditions$10.apply(ExpectedConditions.java:287)
	at org.openqa.selenium.support.ui.ExpectedConditions$10.apply(ExpectedConditions.java:284)
	at org.openqa.selenium.support.ui.ExpectedConditions$23.apply(ExpectedConditions.java:672)
	at org.openqa.selenium.support.ui.ExpectedConditions$23.apply(ExpectedConditions.java:668)
	at org.openqa.selenium.support.ui.FluentWait.until(FluentWait.java:208)
	... 23 more
]]>
            </full-stacktrace>
          </exception> <!-- org.openqa.selenium.TimeoutException -->
          <reporter-output>
          </reporter-output>
        </test-method> <!-- checkWomenMore3 -->
        <test-method status="PASS" signature="resetApp()[pri:0, instance:com.laps.testcase.testcase@7113b13f]" name="resetApp" is-config="true" duration-ms="3753" started-at="2019-01-22T16:57:43Z" finished-at="2019-01-22T16:57:47Z">
          <reporter-output>
          </reporter-output>
        </test-method> <!-- resetApp -->
        <test-method status="PASS" signature="checkWomenAdvertisement3()[pri:0, instance:com.laps.testcase.testcase@7113b13f]" name="checkWomenAdvertisement3" duration-ms="151096" started-at="2019-01-22T16:57:47Z" description="3线女 进入空间下方，无在线状态" finished-at="2019-01-22T17:00:18Z">
          <reporter-output>
          </reporter-output>
        </test-method> <!-- checkWomenAdvertisement3 -->
        <test-method status="PASS" signature="resetApp()[pri:0, instance:com.laps.testcase.testcase@7113b13f]" name="resetApp" is-config="true" duration-ms="3961" started-at="2019-01-22T17:00:18Z" finished-at="2019-01-22T17:00:22Z">
          <reporter-output>
          </reporter-output>
        </test-method> <!-- resetApp -->
        <test-method status="PASS" signature="checkWomenSayHi3()[pri:0, instance:com.laps.testcase.testcase@7113b13f]" name="checkWomenSayHi3" duration-ms="212493" started-at="2019-01-22T17:00:22Z" description="3线女 打招呼上限" finished-at="2019-01-22T17:03:55Z">
          <reporter-output>
          </reporter-output>
        </test-method> <!-- checkWomenSayHi3 -->
        <test-method status="PASS" signature="resetApp()[pri:0, instance:com.laps.testcase.testcase@7113b13f]" name="resetApp" is-config="true" duration-ms="3947" started-at="2019-01-22T17:03:55Z" finished-at="2019-01-22T17:03:59Z">
          <reporter-output>
          </reporter-output>
        </test-method> <!-- resetApp -->
        <test-method status="PASS" signature="checkWomenMemberCenter3()[pri:0, instance:com.laps.testcase.testcase@7113b13f]" name="checkWomenMemberCenter3" duration-ms="117852" started-at="2019-01-22T17:03:59Z" description="3线女 付费入口" finished-at="2019-01-22T17:05:57Z">
          <reporter-output>
          </reporter-output>
        </test-method> <!-- checkWomenMemberCenter3 -->
        <test-method status="PASS" signature="resetApp()[pri:0, instance:com.laps.testcase.testcase@7113b13f]" name="resetApp" is-config="true" duration-ms="4077" started-at="2019-01-22T17:05:57Z" finished-at="2019-01-22T17:06:01Z">
          <reporter-output>
          </reporter-output>
        </test-method> <!-- resetApp -->
        <test-method status="PASS" signature="closeBrowser()[pri:0, instance:com.laps.testcase.testcase@7113b13f]" name="closeBrowser" is-config="true" duration-ms="4630" started-at="2019-01-22T17:06:01Z" finished-at="2019-01-22T17:06:05Z">
          <reporter-output>
          </reporter-output>
        </test-method> <!-- closeBrowser -->
      </class> <!-- com.laps.testcase.testcase -->
    </test> <!-- 恋爱普适 -->
  </suite> <!-- 恋爱普适 -->
</testng-results>
